2023-06-14 22:00:36.804 -03:00  INF  Application started. Press Ctrl+C to shut down.
2023-06-14 22:00:36.840 -03:00  INF  Hosting environment: Development
2023-06-14 22:00:36.842 -03:00  INF  Content root path: C:\Users\Play\Desktop\PROJETOS ----\MACHINESENSE\Adjustment_API\Adjustment.API
2023-06-14 22:00:36.839 -03:00  INF  Request starting HTTP/2 GET https://localhost:44310/swagger - -
2023-06-14 22:00:36.979 -03:00  INF  Request starting HTTP/2 GET https://localhost:44310/swagger/index.html - -
2023-06-14 22:00:36.986 -03:00  INF  Request finished HTTP/2 GET https://localhost:44310/swagger - - - 301 - - 150.0046ms
2023-06-14 22:00:37.471 -03:00  INF  Request finished HTTP/2 GET https://localhost:44310/swagger/index.html - - - 200 - text/html;charset=utf-8 491.7295ms
2023-06-14 22:00:37.482 -03:00  INF  Request starting HTTP/2 GET https://localhost:44310/swagger/swagger-ui-bundle.js - -
2023-06-14 22:00:37.484 -03:00  INF  Request starting HTTP/2 GET https://localhost:44310/swagger/swagger-ui.css - -
2023-06-14 22:00:37.484 -03:00  INF  Request starting HTTP/2 GET https://localhost:44310/swagger/swagger-ui-standalone-preset.js - -
2023-06-14 22:00:37.484 -03:00  INF  Request starting HTTP/2 GET https://localhost:44310/_framework/aspnetcore-browser-refresh.js - -
2023-06-14 22:00:37.525 -03:00  INF  Request starting HTTP/2 GET https://localhost:44310/_vs/browserLink - -
2023-06-14 22:00:37.543 -03:00  INF  Request finished HTTP/2 GET https://localhost:44310/_framework/aspnetcore-browser-refresh.js - - - 200 11998 application/javascript;+charset=utf-8 55.9232ms
2023-06-14 22:00:37.551 -03:00  INF  Sending file. Request path: '/swagger-ui-standalone-preset.js'. Physical path: 'N/A'
2023-06-14 22:00:37.551 -03:00  INF  Sending file. Request path: '/swagger-ui.css'. Physical path: 'N/A'
2023-06-14 22:00:37.564 -03:00  INF  Request finished HTTP/2 GET https://localhost:44310/swagger/swagger-ui.css - - - 200 142933 text/css 80.0228ms
2023-06-14 22:00:37.584 -03:00  INF  Request finished HTTP/2 GET https://localhost:44310/swagger/swagger-ui-standalone-preset.js - - - 200 311804 application/javascript 99.5394ms
2023-06-14 22:00:37.615 -03:00  INF  Sending file. Request path: '/swagger-ui-bundle.js'. Physical path: 'N/A'
2023-06-14 22:00:37.662 -03:00  INF  Request finished HTTP/2 GET https://localhost:44310/swagger/swagger-ui-bundle.js - - - 200 986342 application/javascript 178.7311ms
2023-06-14 22:00:37.704 -03:00  INF  Request finished HTTP/2 GET https://localhost:44310/_vs/browserLink - - - 200 - text/javascript;+charset=UTF-8 178.6037ms
2023-06-14 22:00:37.835 -03:00  INF  Request starting HTTP/2 GET https://localhost:44310/swagger/v1/swagger.json - -
2023-06-14 22:00:37.891 -03:00  INF  Request starting HTTP/2 GET https://localhost:44310/swagger/favicon-32x32.png - -
2023-06-14 22:00:37.898 -03:00  INF  Sending file. Request path: '/favicon-32x32.png'. Physical path: 'N/A'
2023-06-14 22:00:37.899 -03:00  INF  Request finished HTTP/2 GET https://localhost:44310/swagger/favicon-32x32.png - - - 200 628 image/png 7.2660ms
2023-06-14 22:00:37.969 -03:00  INF  Request finished HTTP/2 GET https://localhost:44310/swagger/v1/swagger.json - - - 200 - application/json;charset=utf-8 133.3234ms
2023-06-14 22:00:47.782 -03:00  INF  Request starting HTTP/2 POST https://localhost:44310/api/AdjustmentResponse/CalculateAdjustment application/json 248
2023-06-14 22:00:47.817 -03:00  INF  Executing endpoint 'Adjustment.API.Controllers.AdjustmentResponseController.SendNewDataResponseToCalculate (Adjustment.API)'
2023-06-14 22:00:47.880 -03:00  INF  Route matched with {action = "SendNewDataResponseToCalculate", controller = "AdjustmentResponse"}. Executing controller action with signature System.Threading.Tasks.Task`1[Microsoft.AspNetCore.Mvc.IActionResult] SendNewDataResponseToCalculate(Adjustment.Entities.Entities.DataResponse) on controller Adjustment.API.Controllers.AdjustmentResponseController (Adjustment.API).
2023-06-14 22:02:45.503 -03:00  INF  Application started. Press Ctrl+C to shut down.
2023-06-14 22:02:45.535 -03:00  INF  Request starting HTTP/2 GET https://localhost:44310/swagger/index.html - -
2023-06-14 22:02:45.539 -03:00  INF  Hosting environment: Development
2023-06-14 22:02:45.539 -03:00  INF  Content root path: C:\Users\Play\Desktop\PROJETOS ----\MACHINESENSE\Adjustment_API\Adjustment.API
2023-06-14 22:02:45.979 -03:00  INF  Request starting HTTP/2 GET https://localhost:44310/_framework/aspnetcore-browser-refresh.js - -
2023-06-14 22:02:45.990 -03:00  INF  Request finished HTTP/2 GET https://localhost:44310/swagger/index.html - - - 200 - text/html;charset=utf-8 456.9682ms
2023-06-14 22:02:46.014 -03:00  INF  Request finished HTTP/2 GET https://localhost:44310/_framework/aspnetcore-browser-refresh.js - - - 200 11998 application/javascript;+charset=utf-8 33.0073ms
2023-06-14 22:02:46.014 -03:00  INF  Request starting HTTP/2 GET https://localhost:44310/_vs/browserLink - -
2023-06-14 22:02:46.128 -03:00  INF  Request finished HTTP/2 GET https://localhost:44310/_vs/browserLink - - - 200 - text/javascript;+charset=UTF-8 114.1562ms
2023-06-14 22:02:46.224 -03:00  INF  Request starting HTTP/2 GET https://localhost:44310/swagger/v1/swagger.json - -
2023-06-14 22:02:46.340 -03:00  INF  Request finished HTTP/2 GET https://localhost:44310/swagger/v1/swagger.json - - - 200 - application/json;charset=utf-8 116.5552ms
2023-06-14 22:02:50.215 -03:00  INF  Request starting HTTP/2 POST https://localhost:44310/api/AdjustmentResponse/CalculateAdjustment application/json 248
2023-06-14 22:02:50.251 -03:00  INF  Executing endpoint 'Adjustment.API.Controllers.AdjustmentResponseController.SendNewDataResponseToCalculate (Adjustment.API)'
2023-06-14 22:02:50.313 -03:00  INF  Route matched with {action = "SendNewDataResponseToCalculate", controller = "AdjustmentResponse"}. Executing controller action with signature System.Threading.Tasks.Task`1[Microsoft.AspNetCore.Mvc.IActionResult] SendNewDataResponseToCalculate(Adjustment.Entities.Entities.DataResponse) on controller Adjustment.API.Controllers.AdjustmentResponseController (Adjustment.API).
2023-06-14 22:04:06.225 -03:00  INF  Application started. Press Ctrl+C to shut down.
2023-06-14 22:04:06.257 -03:00  INF  Request starting HTTP/2 GET https://localhost:44310/swagger/index.html - -
2023-06-14 22:04:06.264 -03:00  INF  Hosting environment: Development
2023-06-14 22:04:06.264 -03:00  INF  Content root path: C:\Users\Play\Desktop\PROJETOS ----\MACHINESENSE\Adjustment_API\Adjustment.API
2023-06-14 22:04:06.691 -03:00  INF  Request finished HTTP/2 GET https://localhost:44310/swagger/index.html - - - 200 - text/html;charset=utf-8 436.3868ms
2023-06-14 22:04:06.736 -03:00  INF  Request starting HTTP/2 GET https://localhost:44310/_framework/aspnetcore-browser-refresh.js - -
2023-06-14 22:04:06.745 -03:00  INF  Request starting HTTP/2 GET https://localhost:44310/_vs/browserLink - -
2023-06-14 22:04:06.766 -03:00  INF  Request finished HTTP/2 GET https://localhost:44310/_framework/aspnetcore-browser-refresh.js - - - 200 11998 application/javascript;+charset=utf-8 22.7707ms
2023-06-14 22:04:06.828 -03:00  INF  Request finished HTTP/2 GET https://localhost:44310/_vs/browserLink - - - 200 - text/javascript;+charset=UTF-8 87.5640ms
2023-06-14 22:04:06.910 -03:00  INF  Request starting HTTP/2 GET https://localhost:44310/swagger/v1/swagger.json - -
2023-06-14 22:04:07.035 -03:00  INF  Request finished HTTP/2 GET https://localhost:44310/swagger/v1/swagger.json - - - 200 - application/json;charset=utf-8 125.2897ms
2023-06-14 22:04:10.548 -03:00  INF  Request starting HTTP/2 POST https://localhost:44310/api/AdjustmentResponse/CalculateAdjustment application/json 248
2023-06-14 22:04:10.597 -03:00  INF  Executing endpoint 'Adjustment.API.Controllers.AdjustmentResponseController.SendNewDataResponseToCalculate (Adjustment.API)'
2023-06-14 22:04:10.644 -03:00  INF  Route matched with {action = "SendNewDataResponseToCalculate", controller = "AdjustmentResponse"}. Executing controller action with signature System.Threading.Tasks.Task`1[Microsoft.AspNetCore.Mvc.IActionResult] SendNewDataResponseToCalculate(Adjustment.Entities.Entities.DataResponse) on controller Adjustment.API.Controllers.AdjustmentResponseController (Adjustment.API).
2023-06-14 22:04:10.869 -03:00  ERR  An error occurred while calculate adjustment, System.NotImplementedException: The method or operation is not implemented.
   at Adjustment.Infrastructure.Services.AdjustmentResponseInfraService.CalculateAdjustment(DataResponse dataResponse) in C:\Users\Play\Desktop\PROJETOS ----\MACHINESENSE\Adjustment_API\Adjustment.Infrastructure\Services\AdjustmentResponseInfraService.cs:line 28
   at Adjustment.Application.Application.ApplicationAdjustmentResponse.CalculateAdjustment(DataResponse dataResponse) in C:\Users\Play\Desktop\PROJETOS ----\MACHINESENSE\Adjustment_API\Adjustment.Application\Application\ApplicationAdjustmentResponse.cs:line 27
   at Adjustment.API.Controllers.AdjustmentResponseController.SendNewDataResponseToCalculate(DataResponse dataResponse) in C:\Users\Play\Desktop\PROJETOS ----\MACHINESENSE\Adjustment_API\Adjustment.API\Controllers\AdjustmentResponseController.cs:line 34
2023-06-14 22:04:10.878 -03:00  INF  Executing BadRequestObjectResult, writing value of type 'System.NotImplementedException'.
2023-06-14 22:04:10.908 -03:00  INF  Executed action Adjustment.API.Controllers.AdjustmentResponseController.SendNewDataResponseToCalculate (Adjustment.API) in 257.6605ms
2023-06-14 22:04:10.910 -03:00  INF  Executed endpoint 'Adjustment.API.Controllers.AdjustmentResponseController.SendNewDataResponseToCalculate (Adjustment.API)'
2023-06-14 22:04:10.914 -03:00  ERR  An unhandled exception has occurred while executing the request.System.NotSupportedException: Serialization and deserialization of 'System.Reflection.MethodBase' instances are not supported. Path: $.TargetSite.
 ---> System.NotSupportedException: Serialization and deserialization of 'System.Reflection.MethodBase' instances are not supported.
   at System.Text.Json.Serialization.Converters.UnsupportedTypeConverter`1.Write(Utf8JsonWriter writer, T value, JsonSerializerOptions options)
   at System.Text.Json.Serialization.JsonConverter`1.TryWrite(Utf8JsonWriter writer, T& value, JsonSerializerOptions options, WriteStack& state)
   at System.Text.Json.Serialization.Metadata.JsonPropertyInfo`1.GetMemberAndWriteJson(Object obj, WriteStack& state, Utf8JsonWriter writer)
   at System.Text.Json.Serialization.Converters.ObjectDefaultConverter`1.OnTryWrite(Utf8JsonWriter writer, T value, JsonSerializerOptions options, WriteStack& state)
   at System.Text.Json.Serialization.JsonConverter`1.TryWrite(Utf8JsonWriter writer, T& value, JsonSerializerOptions options, WriteStack& state)
   at System.Text.Json.Serialization.JsonConverter`1.WriteCore(Utf8JsonWriter writer, T& value, JsonSerializerOptions options, WriteStack& state)
   --- End of inner exception stack trace ---
   at System.Text.Json.ThrowHelper.ThrowNotSupportedException(WriteStack& state, NotSupportedException ex)
   at System.Text.Json.Serialization.JsonConverter`1.WriteCore(Utf8JsonWriter writer, T& value, JsonSerializerOptions options, WriteStack& state)
   at System.Text.Json.Serialization.JsonConverter`1.WriteCoreAsObject(Utf8JsonWriter writer, Object value, JsonSerializerOptions options, WriteStack& state)
   at System.Text.Json.JsonSerializer.WriteCore[TValue](Utf8JsonWriter writer, TValue& value, JsonTypeInfo jsonTypeInfo, WriteStack& state)
   at System.Text.Json.JsonSerializer.WriteStreamAsync[TValue](Stream utf8Json, TValue value, JsonTypeInfo jsonTypeInfo, CancellationToken cancellationToken)
   at System.Text.Json.JsonSerializer.WriteStreamAsync[TValue](Stream utf8Json, TValue value, JsonTypeInfo jsonTypeInfo, CancellationToken cancellationToken)
   at System.Text.Json.JsonSerializer.WriteStreamAsync[TValue](Stream utf8Json, TValue value, JsonTypeInfo jsonTypeInfo, CancellationToken cancellationToken)
   at Microsoft.AspNetCore.Mvc.Formatters.SystemTextJsonOutputFormatter.WriteResponseBodyAsync(OutputFormatterWriteContext context, Encoding selectedEncoding)
   at Microsoft.AspNetCore.Mvc.Infrastructure.ResourceInvoker.<InvokeNextResultFilterAsync>g__Awaited|29_0[TFilter,TFilterAsync](ResourceInvoker invoker, Task lastTask, State next, Scope scope, Object state, Boolean isCompleted)
   at Microsoft.AspNetCore.Mvc.Infrastructure.ResourceInvoker.Rethrow(ResultExecutedContextSealed context)
   at Microsoft.AspNetCore.Mvc.Infrastructure.ResourceInvoker.ResultNext[TFilter,TFilterAsync](State& next, Scope& scope, Object& state, Boolean& isCompleted)
   at Microsoft.AspNetCore.Mvc.Infrastructure.ResourceInvoker.InvokeResultFilters()
--- End of stack trace from previous location ---
   at Microsoft.AspNetCore.Mvc.Infrastructure.ResourceInvoker.<InvokeFilterPipelineAsync>g__Awaited|19_0(ResourceInvoker invoker, Task lastTask, State next, Scope scope, Object state, Boolean isCompleted)
   at Microsoft.AspNetCore.Mvc.Infrastructure.ResourceInvoker.<InvokeAsync>g__Logged|17_1(ResourceInvoker invoker)
   at Microsoft.AspNetCore.Routing.EndpointMiddleware.<Invoke>g__AwaitRequestTask|6_0(Endpoint endpoint, Task requestTask, ILogger logger)
   at Microsoft.AspNetCore.Authorization.AuthorizationMiddleware.Invoke(HttpContext context)
   at Swashbuckle.AspNetCore.SwaggerUI.SwaggerUIMiddleware.Invoke(HttpContext httpContext)
   at Swashbuckle.AspNetCore.Swagger.SwaggerMiddleware.Invoke(HttpContext httpContext, ISwaggerProvider swaggerProvider)
   at Microsoft.AspNetCore.Diagnostics.DeveloperExceptionPageMiddleware.Invoke(HttpContext context)

2023-06-14 22:04:10.938 -03:00  INF  Request finished HTTP/2 POST https://localhost:44310/api/AdjustmentResponse/CalculateAdjustment application/json 248 - 500 - text/plain 389.7581ms
2023-06-14 22:27:33.939 -03:00  INF  Application started. Press Ctrl+C to shut down.
2023-06-14 22:27:33.968 -03:00  INF  Request starting HTTP/2 GET https://localhost:44310/swagger/index.html - -
2023-06-14 22:27:33.973 -03:00  INF  Hosting environment: Development
2023-06-14 22:27:33.973 -03:00  INF  Content root path: C:\Users\Play\Desktop\PROJETOS ----\MACHINESENSE\Adjustment_API\Adjustment.API
2023-06-14 22:27:34.368 -03:00  INF  Request starting HTTP/2 GET https://localhost:44310/_framework/aspnetcore-browser-refresh.js - -
2023-06-14 22:27:34.372 -03:00  INF  Request finished HTTP/2 GET https://localhost:44310/swagger/index.html - - - 200 - text/html;charset=utf-8 405.8637ms
2023-06-14 22:27:34.397 -03:00  INF  Request starting HTTP/2 GET https://localhost:44310/_vs/browserLink - -
2023-06-14 22:27:34.412 -03:00  INF  Request finished HTTP/2 GET https://localhost:44310/_framework/aspnetcore-browser-refresh.js - - - 200 11998 application/javascript;+charset=utf-8 41.8002ms
2023-06-14 22:27:34.509 -03:00  INF  Request finished HTTP/2 GET https://localhost:44310/_vs/browserLink - - - 200 - text/javascript;+charset=UTF-8 111.2364ms
2023-06-14 22:27:34.571 -03:00  INF  Request starting HTTP/2 GET https://localhost:44310/swagger/v1/swagger.json - -
2023-06-14 22:27:34.692 -03:00  INF  Request finished HTTP/2 GET https://localhost:44310/swagger/v1/swagger.json - - - 200 - application/json;charset=utf-8 120.8920ms
2023-06-14 22:27:46.341 -03:00  INF  Request starting HTTP/2 POST https://localhost:44310/api/AdjustmentResponse/CalculateAdjustment application/json 248
2023-06-14 22:27:46.378 -03:00  INF  Executing endpoint 'Adjustment.API.Controllers.AdjustmentResponseController.SendNewDataResponseToCalculate (Adjustment.API)'
2023-06-14 22:27:46.456 -03:00  INF  Route matched with {action = "SendNewDataResponseToCalculate", controller = "AdjustmentResponse"}. Executing controller action with signature System.Threading.Tasks.Task`1[Microsoft.AspNetCore.Mvc.IActionResult] SendNewDataResponseToCalculate(Adjustment.Entities.Entities.DataResponse) on controller Adjustment.API.Controllers.AdjustmentResponseController (Adjustment.API).
2023-06-14 22:27:46.464 -03:00  INF  Executed action Adjustment.API.Controllers.AdjustmentResponseController.SendNewDataResponseToCalculate (Adjustment.API) in 2.2373ms
2023-06-14 22:27:46.467 -03:00  INF  Executed endpoint 'Adjustment.API.Controllers.AdjustmentResponseController.SendNewDataResponseToCalculate (Adjustment.API)'
2023-06-14 22:27:46.473 -03:00  ERR  An unhandled exception has occurred while executing the request.System.InvalidOperationException: Unable to resolve service for type 'Adjustment.Application.Interfaces.IApplicationAdjustmentResponse' while attempting to activate 'Adjustment.API.Controllers.AdjustmentResponseController'.
   at Microsoft.Extensions.DependencyInjection.ActivatorUtilities.GetService(IServiceProvider sp, Type type, Type requiredBy, Boolean isDefaultParameterRequired)
   at lambda_method9(Closure , IServiceProvider , Object[] )
   at Microsoft.AspNetCore.Mvc.Controllers.ControllerActivatorProvider.<>c__DisplayClass4_0.<CreateActivator>b__0(ControllerContext controllerContext)
   at Microsoft.AspNetCore.Mvc.Controllers.ControllerFactoryProvider.<>c__DisplayClass5_0.<CreateControllerFactory>g__CreateController|0(ControllerContext controllerContext)
   at Microsoft.AspNetCore.Mvc.Infrastructure.ControllerActionInvoker.Next(State& next, Scope& scope, Object& state, Boolean& isCompleted)
   at Microsoft.AspNetCore.Mvc.Infrastructure.ControllerActionInvoker.InvokeInnerFilterAsync()
--- End of stack trace from previous location ---
   at Microsoft.AspNetCore.Mvc.Infrastructure.ResourceInvoker.<InvokeFilterPipelineAsync>g__Awaited|19_0(ResourceInvoker invoker, Task lastTask, State next, Scope scope, Object state, Boolean isCompleted)
   at Microsoft.AspNetCore.Mvc.Infrastructure.ResourceInvoker.<InvokeAsync>g__Logged|17_1(ResourceInvoker invoker)
   at Microsoft.AspNetCore.Routing.EndpointMiddleware.<Invoke>g__AwaitRequestTask|6_0(Endpoint endpoint, Task requestTask, ILogger logger)
   at Microsoft.AspNetCore.Authorization.AuthorizationMiddleware.Invoke(HttpContext context)
   at Swashbuckle.AspNetCore.SwaggerUI.SwaggerUIMiddleware.Invoke(HttpContext httpContext)
   at Swashbuckle.AspNetCore.Swagger.SwaggerMiddleware.Invoke(HttpContext httpContext, ISwaggerProvider swaggerProvider)
   at Microsoft.AspNetCore.Diagnostics.DeveloperExceptionPageMiddleware.Invoke(HttpContext context)

2023-06-14 22:27:46.574 -03:00  INF  Request finished HTTP/2 POST https://localhost:44310/api/AdjustmentResponse/CalculateAdjustment application/json 248 - 500 - text/plain 232.8831ms
2023-06-14 22:51:59.947 -03:00  INF  Application started. Press Ctrl+C to shut down.
2023-06-14 22:51:59.984 -03:00  INF  Hosting environment: Development
2023-06-14 22:51:59.985 -03:00  INF  Content root path: C:\Users\Play\Desktop\PROJETOS ----\MACHINESENSE\Adjustment_API\Adjustment.API
2023-06-14 22:51:59.987 -03:00  INF  Request starting HTTP/2 GET https://localhost:44310/swagger/index.html - -
2023-06-14 22:52:00.479 -03:00  INF  Request finished HTTP/2 GET https://localhost:44310/swagger/index.html - - - 200 - text/html;charset=utf-8 500.9566ms
2023-06-14 22:52:00.513 -03:00  INF  Request starting HTTP/2 GET https://localhost:44310/_framework/aspnetcore-browser-refresh.js - -
2023-06-14 22:52:00.513 -03:00  INF  Request starting HTTP/2 GET https://localhost:44310/_vs/browserLink - -
2023-06-14 22:52:00.539 -03:00  INF  Request finished HTTP/2 GET https://localhost:44310/_framework/aspnetcore-browser-refresh.js - - - 200 11998 application/javascript;+charset=utf-8 24.5071ms
2023-06-14 22:52:00.628 -03:00  INF  Request finished HTTP/2 GET https://localhost:44310/_vs/browserLink - - - 200 - text/javascript;+charset=UTF-8 114.7575ms
2023-06-14 22:52:00.692 -03:00  INF  Request starting HTTP/2 GET https://localhost:44310/swagger/v1/swagger.json - -
2023-06-14 22:52:00.800 -03:00  INF  Request finished HTTP/2 GET https://localhost:44310/swagger/v1/swagger.json - - - 200 - application/json;charset=utf-8 107.6636ms
2023-06-14 22:52:05.312 -03:00  INF  Request starting HTTP/2 POST https://localhost:44310/api/AdjustmentResponse/CalculateAdjustment application/json 248
2023-06-14 22:52:05.342 -03:00  INF  Executing endpoint 'Adjustment.API.Controllers.AdjustmentResponseController.SendNewDataResponseToCalculate (Adjustment.API)'
2023-06-14 22:52:05.384 -03:00  INF  Route matched with {action = "SendNewDataResponseToCalculate", controller = "AdjustmentResponse"}. Executing controller action with signature System.Threading.Tasks.Task`1[Microsoft.AspNetCore.Mvc.IActionResult] SendNewDataResponseToCalculate(Adjustment.Entities.Entities.DataResponse) on controller Adjustment.API.Controllers.AdjustmentResponseController (Adjustment.API).
2023-06-14 22:52:06.465 -03:00  INF  Executing OkObjectResult, writing value of type 'System.Collections.Generic.List`1[[Adjustment.Entities.Entities.AdjustmentResponse, Adjustment.Entities, Version=1.0.0.0, Culture=neutral, PublicKeyToken=null]]'.
2023-06-14 22:52:06.492 -03:00  INF  Executed action Adjustment.API.Controllers.AdjustmentResponseController.SendNewDataResponseToCalculate (Adjustment.API) in 1096.0065ms
2023-06-14 22:52:06.494 -03:00  INF  Executed endpoint 'Adjustment.API.Controllers.AdjustmentResponseController.SendNewDataResponseToCalculate (Adjustment.API)'
2023-06-14 22:52:06.495 -03:00  INF  Request finished HTTP/2 POST https://localhost:44310/api/AdjustmentResponse/CalculateAdjustment application/json 248 - 200 - application/json;+charset=utf-8 1182.6858ms
2023-06-14 22:52:45.565 -03:00  INF  Request starting HTTP/2 POST https://localhost:44310/api/AdjustmentResponse/CalculateAdjustment application/json 248
2023-06-14 22:52:45.567 -03:00  INF  Executing endpoint 'Adjustment.API.Controllers.AdjustmentResponseController.SendNewDataResponseToCalculate (Adjustment.API)'
2023-06-14 22:52:45.569 -03:00  INF  Route matched with {action = "SendNewDataResponseToCalculate", controller = "AdjustmentResponse"}. Executing controller action with signature System.Threading.Tasks.Task`1[Microsoft.AspNetCore.Mvc.IActionResult] SendNewDataResponseToCalculate(Adjustment.Entities.Entities.DataResponse) on controller Adjustment.API.Controllers.AdjustmentResponseController (Adjustment.API).
2023-06-14 22:52:45.571 -03:00  INF  Adjustment applicable to Angle Quantity: -1
2023-06-14 22:52:45.870 -03:00  ERR  An error occurred while calculate adjustment, System.InvalidOperationException: An invalid request URI was provided. The request URI must either be an absolute URI or BaseAddress must be set.
   at System.Net.Http.HttpClient.PrepareRequestMessage(HttpRequestMessage request)
   at System.Net.Http.HttpClient.CheckRequestBeforeSend(HttpRequestMessage request)
   at System.Net.Http.HttpClient.SendAsync(HttpRequestMessage request, HttpCompletionOption completionOption, CancellationToken cancellationToken)
   at System.Net.Http.HttpClient.SendAsync(HttpRequestMessage request, CancellationToken cancellationToken)
   at System.Net.Http.HttpClient.PostAsync(Uri requestUri, HttpContent content, CancellationToken cancellationToken)
   at System.Net.Http.HttpClient.PostAsync(String requestUri, HttpContent content)
   at Adjustment.Infrastructure.Services.HttpService.PostAsync[T](String url, T data) in C:\Users\Play\Desktop\PROJETOS ----\MACHINESENSE\Adjustment_API\Adjustment.Infrastructure\Services\HttpService.cs:line 26
   at Adjustment.Infrastructure.Services.AdjustmentResponseInfraService.SendToAdjustmentComponent(AdjustmentResponse adjustmentResponse) in C:\Users\Play\Desktop\PROJETOS ----\MACHINESENSE\Adjustment_API\Adjustment.Infrastructure\Services\AdjustmentResponseInfraService.cs:line 23
   at Adjustment.Domain.Services.AdjustmentResponseService.SendToAdjustmentComponent(AdjustmentResponse adjustmentResponse) in C:\Users\Play\Desktop\PROJETOS ----\MACHINESENSE\Adjustment_API\Adjustment.Domain\Services\AdjustmentResponseService.cs:line 61
   at Adjustment.Domain.Services.AdjustmentResponseService.CalculateAdjustment(DataResponse dataResponse) in C:\Users\Play\Desktop\PROJETOS ----\MACHINESENSE\Adjustment_API\Adjustment.Domain\Services\AdjustmentResponseService.cs:line 52
   at Adjustment.Application.Application.ApplicationAdjustmentResponse.CalculateAdjustment(DataResponse dataResponse) in C:\Users\Play\Desktop\PROJETOS ----\MACHINESENSE\Adjustment_API\Adjustment.Application\Application\ApplicationAdjustmentResponse.cs:line 24
   at Adjustment.API.Controllers.AdjustmentResponseController.SendNewDataResponseToCalculate(DataResponse dataResponse) in C:\Users\Play\Desktop\PROJETOS ----\MACHINESENSE\Adjustment_API\Adjustment.API\Controllers\AdjustmentResponseController.cs:line 34
2023-06-14 22:52:45.870 -03:00  INF  Executing BadRequestObjectResult, writing value of type 'System.InvalidOperationException'.
2023-06-14 22:52:45.883 -03:00  INF  Executed action Adjustment.API.Controllers.AdjustmentResponseController.SendNewDataResponseToCalculate (Adjustment.API) in 313.8466ms
2023-06-14 22:52:45.883 -03:00  INF  Executed endpoint 'Adjustment.API.Controllers.AdjustmentResponseController.SendNewDataResponseToCalculate (Adjustment.API)'
2023-06-14 22:52:45.887 -03:00  ERR  An unhandled exception has occurred while executing the request.System.NotSupportedException: Serialization and deserialization of 'System.Reflection.MethodBase' instances are not supported. Path: $.TargetSite.
 ---> System.NotSupportedException: Serialization and deserialization of 'System.Reflection.MethodBase' instances are not supported.
   at System.Text.Json.Serialization.Converters.UnsupportedTypeConverter`1.Write(Utf8JsonWriter writer, T value, JsonSerializerOptions options)
   at System.Text.Json.Serialization.JsonConverter`1.TryWrite(Utf8JsonWriter writer, T& value, JsonSerializerOptions options, WriteStack& state)
   at System.Text.Json.Serialization.Metadata.JsonPropertyInfo`1.GetMemberAndWriteJson(Object obj, WriteStack& state, Utf8JsonWriter writer)
   at System.Text.Json.Serialization.Converters.ObjectDefaultConverter`1.OnTryWrite(Utf8JsonWriter writer, T value, JsonSerializerOptions options, WriteStack& state)
   at System.Text.Json.Serialization.JsonConverter`1.TryWrite(Utf8JsonWriter writer, T& value, JsonSerializerOptions options, WriteStack& state)
   at System.Text.Json.Serialization.JsonConverter`1.WriteCore(Utf8JsonWriter writer, T& value, JsonSerializerOptions options, WriteStack& state)
   --- End of inner exception stack trace ---
   at System.Text.Json.ThrowHelper.ThrowNotSupportedException(WriteStack& state, NotSupportedException ex)
   at System.Text.Json.Serialization.JsonConverter`1.WriteCore(Utf8JsonWriter writer, T& value, JsonSerializerOptions options, WriteStack& state)
   at System.Text.Json.Serialization.JsonConverter`1.WriteCoreAsObject(Utf8JsonWriter writer, Object value, JsonSerializerOptions options, WriteStack& state)
   at System.Text.Json.JsonSerializer.WriteCore[TValue](Utf8JsonWriter writer, TValue& value, JsonTypeInfo jsonTypeInfo, WriteStack& state)
   at System.Text.Json.JsonSerializer.WriteStreamAsync[TValue](Stream utf8Json, TValue value, JsonTypeInfo jsonTypeInfo, CancellationToken cancellationToken)
   at System.Text.Json.JsonSerializer.WriteStreamAsync[TValue](Stream utf8Json, TValue value, JsonTypeInfo jsonTypeInfo, CancellationToken cancellationToken)
   at System.Text.Json.JsonSerializer.WriteStreamAsync[TValue](Stream utf8Json, TValue value, JsonTypeInfo jsonTypeInfo, CancellationToken cancellationToken)
   at Microsoft.AspNetCore.Mvc.Formatters.SystemTextJsonOutputFormatter.WriteResponseBodyAsync(OutputFormatterWriteContext context, Encoding selectedEncoding)
   at Microsoft.AspNetCore.Mvc.Infrastructure.ResourceInvoker.<InvokeNextResultFilterAsync>g__Awaited|29_0[TFilter,TFilterAsync](ResourceInvoker invoker, Task lastTask, State next, Scope scope, Object state, Boolean isCompleted)
   at Microsoft.AspNetCore.Mvc.Infrastructure.ResourceInvoker.Rethrow(ResultExecutedContextSealed context)
   at Microsoft.AspNetCore.Mvc.Infrastructure.ResourceInvoker.ResultNext[TFilter,TFilterAsync](State& next, Scope& scope, Object& state, Boolean& isCompleted)
   at Microsoft.AspNetCore.Mvc.Infrastructure.ResourceInvoker.InvokeResultFilters()
--- End of stack trace from previous location ---
   at Microsoft.AspNetCore.Mvc.Infrastructure.ResourceInvoker.<InvokeFilterPipelineAsync>g__Awaited|19_0(ResourceInvoker invoker, Task lastTask, State next, Scope scope, Object state, Boolean isCompleted)
   at Microsoft.AspNetCore.Mvc.Infrastructure.ResourceInvoker.<InvokeAsync>g__Logged|17_1(ResourceInvoker invoker)
   at Microsoft.AspNetCore.Routing.EndpointMiddleware.<Invoke>g__AwaitRequestTask|6_0(Endpoint endpoint, Task requestTask, ILogger logger)
   at Microsoft.AspNetCore.Authorization.AuthorizationMiddleware.Invoke(HttpContext context)
   at Swashbuckle.AspNetCore.SwaggerUI.SwaggerUIMiddleware.Invoke(HttpContext httpContext)
   at Swashbuckle.AspNetCore.Swagger.SwaggerMiddleware.Invoke(HttpContext httpContext, ISwaggerProvider swaggerProvider)
   at Microsoft.AspNetCore.Diagnostics.DeveloperExceptionPageMiddleware.Invoke(HttpContext context)

2023-06-14 22:52:45.905 -03:00  INF  Request finished HTTP/2 POST https://localhost:44310/api/AdjustmentResponse/CalculateAdjustment application/json 248 - 500 - text/plain 339.7867ms
2023-06-14 22:55:24.897 -03:00  INF  Application started. Press Ctrl+C to shut down.
2023-06-14 22:55:24.923 -03:00  INF  Request starting HTTP/2 GET https://localhost:44310/swagger/index.html - -
2023-06-14 22:55:24.929 -03:00  INF  Hosting environment: Development
2023-06-14 22:55:24.929 -03:00  INF  Content root path: C:\Users\Play\Desktop\PROJETOS ----\MACHINESENSE\Adjustment_API\Adjustment.API
2023-06-14 22:55:25.292 -03:00  INF  Request finished HTTP/2 GET https://localhost:44310/swagger/index.html - - - 200 - text/html;charset=utf-8 371.4787ms
2023-06-14 22:55:25.300 -03:00  INF  Request starting HTTP/2 GET https://localhost:44310/_vs/browserLink - -
2023-06-14 22:55:25.300 -03:00  INF  Request starting HTTP/2 GET https://localhost:44310/_framework/aspnetcore-browser-refresh.js - -
2023-06-14 22:55:25.330 -03:00  INF  Request finished HTTP/2 GET https://localhost:44310/_framework/aspnetcore-browser-refresh.js - - - 200 11998 application/javascript;+charset=utf-8 27.7081ms
2023-06-14 22:55:25.388 -03:00  INF  Request finished HTTP/2 GET https://localhost:44310/_vs/browserLink - - - 200 - text/javascript;+charset=UTF-8 87.3059ms
2023-06-14 22:55:25.438 -03:00  INF  Request starting HTTP/2 GET https://localhost:44310/swagger/v1/swagger.json - -
2023-06-14 22:55:25.560 -03:00  INF  Request finished HTTP/2 GET https://localhost:44310/swagger/v1/swagger.json - - - 200 - application/json;charset=utf-8 122.0466ms
2023-06-14 22:55:50.802 -03:00  INF  Request starting HTTP/2 POST https://localhost:44310/api/AdjustmentResponse/CalculateAdjustment application/json 248
2023-06-14 22:55:50.837 -03:00  INF  Executing endpoint 'Adjustment.API.Controllers.AdjustmentResponseController.SendNewDataResponseToCalculate (Adjustment.API)'
2023-06-14 22:55:50.893 -03:00  INF  Route matched with {action = "SendNewDataResponseToCalculate", controller = "AdjustmentResponse"}. Executing controller action with signature System.Threading.Tasks.Task`1[Microsoft.AspNetCore.Mvc.IActionResult] SendNewDataResponseToCalculate(Adjustment.Entities.Entities.DataResponse) on controller Adjustment.API.Controllers.AdjustmentResponseController (Adjustment.API).
2023-06-14 22:55:51.117 -03:00  INF  Adjustment applicable to Angle Quantity: -2
2023-06-14 22:55:51.897 -03:00  ERR  An error occurred while calculate adjustment, System.InvalidOperationException: The entity type 'CalculedAdjustment' requires a primary key to be defined. If you intended to use a keyless entity type, call 'HasNoKey' in 'OnModelCreating'. For more information on keyless entity types, see https://go.microsoft.com/fwlink/?linkid=2141943.
   at Microsoft.EntityFrameworkCore.Infrastructure.ModelValidator.ValidateNonNullPrimaryKeys(IModel model, IDiagnosticsLogger`1 logger)
   at Microsoft.EntityFrameworkCore.Infrastructure.ModelValidator.Validate(IModel model, IDiagnosticsLogger`1 logger)
   at Microsoft.EntityFrameworkCore.Infrastructure.RelationalModelValidator.Validate(IModel model, IDiagnosticsLogger`1 logger)
   at Microsoft.EntityFrameworkCore.SqlServer.Internal.SqlServerModelValidator.Validate(IModel model, IDiagnosticsLogger`1 logger)
   at Microsoft.EntityFrameworkCore.Metadata.Conventions.ValidatingConvention.ProcessModelFinalized(IModel model)
   at Microsoft.EntityFrameworkCore.Metadata.Conventions.Internal.ConventionDispatcher.ImmediateConventionScope.OnModelFinalized(IModel model)
   at Microsoft.EntityFrameworkCore.Metadata.Conventions.Internal.ConventionDispatcher.OnModelFinalized(IModel model)
   at Microsoft.EntityFrameworkCore.Metadata.Internal.Model.FinalizeModel()
   at Microsoft.EntityFrameworkCore.ModelBuilder.FinalizeModel()
   at Microsoft.EntityFrameworkCore.Infrastructure.ModelSource.CreateModel(DbContext context, IConventionSetBuilder conventionSetBuilder, ModelDependencies modelDependencies)
   at Microsoft.EntityFrameworkCore.Infrastructure.ModelSource.GetModel(DbContext context, IConventionSetBuilder conventionSetBuilder, ModelDependencies modelDependencies)
   at Microsoft.EntityFrameworkCore.Internal.DbContextServices.CreateModel()
   at Microsoft.EntityFrameworkCore.Internal.DbContextServices.get_Model()
   at Microsoft.EntityFrameworkCore.Infrastructure.EntityFrameworkServicesBuilder.<>c.<TryAddCoreServices>b__7_3(IServiceProvider p)
   at Microsoft.Extensions.DependencyInjection.ServiceLookup.CallSiteRuntimeResolver.VisitFactory(FactoryCallSite factoryCallSite, RuntimeResolverContext context)
   at Microsoft.Extensions.DependencyInjection.ServiceLookup.CallSiteVisitor`2.VisitCallSiteMain(ServiceCallSite callSite, TArgument argument)
   at Microsoft.Extensions.DependencyInjection.ServiceLookup.CallSiteRuntimeResolver.VisitCache(ServiceCallSite callSite, RuntimeResolverContext context, ServiceProviderEngineScope serviceProviderEngine, RuntimeResolverLock lockType)
   at Microsoft.Extensions.DependencyInjection.ServiceLookup.CallSiteRuntimeResolver.VisitScopeCache(ServiceCallSite callSite, RuntimeResolverContext context)
   at Microsoft.Extensions.DependencyInjection.ServiceLookup.CallSiteVisitor`2.VisitCallSite(ServiceCallSite callSite, TArgument argument)
   at Microsoft.Extensions.DependencyInjection.ServiceLookup.CallSiteRuntimeResolver.VisitConstructor(ConstructorCallSite constructorCallSite, RuntimeResolverContext context)
   at Microsoft.Extensions.DependencyInjection.ServiceLookup.CallSiteVisitor`2.VisitCallSiteMain(ServiceCallSite callSite, TArgument argument)
   at Microsoft.Extensions.DependencyInjection.ServiceLookup.CallSiteRuntimeResolver.VisitCache(ServiceCallSite callSite, RuntimeResolverContext context, ServiceProviderEngineScope serviceProviderEngine, RuntimeResolverLock lockType)
   at Microsoft.Extensions.DependencyInjection.ServiceLookup.CallSiteRuntimeResolver.VisitScopeCache(ServiceCallSite callSite, RuntimeResolverContext context)
   at Microsoft.Extensions.DependencyInjection.ServiceLookup.CallSiteVisitor`2.VisitCallSite(ServiceCallSite callSite, TArgument argument)
   at Microsoft.Extensions.DependencyInjection.ServiceLookup.CallSiteRuntimeResolver.Resolve(ServiceCallSite callSite, ServiceProviderEngineScope scope)
   at Microsoft.Extensions.DependencyInjection.ServiceLookup.DynamicServiceProviderEngine.<>c__DisplayClass2_0.<RealizeService>b__0(ServiceProviderEngineScope scope)
   at Microsoft.Extensions.DependencyInjection.ServiceProvider.GetService(Type serviceType, ServiceProviderEngineScope serviceProviderEngineScope)
   at Microsoft.Extensions.DependencyInjection.ServiceLookup.ServiceProviderEngineScope.GetService(Type serviceType)
   at Microsoft.Extensions.DependencyInjection.ServiceProviderServiceExtensions.GetRequiredService(IServiceProvider provider, Type serviceType)
   at Microsoft.Extensions.DependencyInjection.ServiceProviderServiceExtensions.GetRequiredService[T](IServiceProvider provider)
   at Microsoft.EntityFrameworkCore.DbContext.get_DbContextDependencies()
   at Microsoft.EntityFrameworkCore.DbContext.get_InternalServiceProvider()
   at Microsoft.EntityFrameworkCore.DbContext.get_DbContextDependencies()
   at Microsoft.EntityFrameworkCore.DbContext.Microsoft.EntityFrameworkCore.Internal.IDbContextDependencies.get_StateManager()
   at Microsoft.EntityFrameworkCore.Internal.InternalDbSet`1.EntryWithoutDetectChanges(TEntity entity)
   at Microsoft.EntityFrameworkCore.Internal.InternalDbSet`1.AddAsync(TEntity entity, CancellationToken cancellationToken)
   at Adjustment.Infrastructure.Repositories.RepositoryAdjustmentResponse.AddAdjustmentResponse(AdjustmentResponse adjustmentResponse) in C:\Users\Play\Desktop\PROJETOS ----\MACHINESENSE\Adjustment_API\Adjustment.Infrastructure\Repositories\RepositoryAdjustmentResponse.cs:line 22
   at Adjustment.Domain.Services.AdjustmentResponseService.AddAdjustmentResponse(AdjustmentResponse adjustmentResponse) in C:\Users\Play\Desktop\PROJETOS ----\MACHINESENSE\Adjustment_API\Adjustment.Domain\Services\AdjustmentResponseService.cs:line 66
   at Adjustment.Domain.Services.AdjustmentResponseService.CalculateAdjustment(DataResponse dataResponse) in C:\Users\Play\Desktop\PROJETOS ----\MACHINESENSE\Adjustment_API\Adjustment.Domain\Services\AdjustmentResponseService.cs:line 53
   at Adjustment.Application.Application.ApplicationAdjustmentResponse.CalculateAdjustment(DataResponse dataResponse) in C:\Users\Play\Desktop\PROJETOS ----\MACHINESENSE\Adjustment_API\Adjustment.Application\Application\ApplicationAdjustmentResponse.cs:line 24
   at Adjustment.API.Controllers.AdjustmentResponseController.SendNewDataResponseToCalculate(DataResponse dataResponse) in C:\Users\Play\Desktop\PROJETOS ----\MACHINESENSE\Adjustment_API\Adjustment.API\Controllers\AdjustmentResponseController.cs:line 34
2023-06-14 22:55:51.905 -03:00  INF  Executing BadRequestObjectResult, writing value of type 'System.InvalidOperationException'.
2023-06-14 22:55:51.930 -03:00  INF  Executed action Adjustment.API.Controllers.AdjustmentResponseController.SendNewDataResponseToCalculate (Adjustment.API) in 1031.5358ms
2023-06-14 22:55:51.931 -03:00  INF  Executed endpoint 'Adjustment.API.Controllers.AdjustmentResponseController.SendNewDataResponseToCalculate (Adjustment.API)'
2023-06-14 22:55:51.936 -03:00  ERR  An unhandled exception has occurred while executing the request.System.NotSupportedException: Serialization and deserialization of 'System.Reflection.MethodBase' instances are not supported. Path: $.TargetSite.
 ---> System.NotSupportedException: Serialization and deserialization of 'System.Reflection.MethodBase' instances are not supported.
   at System.Text.Json.Serialization.Converters.UnsupportedTypeConverter`1.Write(Utf8JsonWriter writer, T value, JsonSerializerOptions options)
   at System.Text.Json.Serialization.JsonConverter`1.TryWrite(Utf8JsonWriter writer, T& value, JsonSerializerOptions options, WriteStack& state)
   at System.Text.Json.Serialization.Metadata.JsonPropertyInfo`1.GetMemberAndWriteJson(Object obj, WriteStack& state, Utf8JsonWriter writer)
   at System.Text.Json.Serialization.Converters.ObjectDefaultConverter`1.OnTryWrite(Utf8JsonWriter writer, T value, JsonSerializerOptions options, WriteStack& state)
   at System.Text.Json.Serialization.JsonConverter`1.TryWrite(Utf8JsonWriter writer, T& value, JsonSerializerOptions options, WriteStack& state)
   at System.Text.Json.Serialization.JsonConverter`1.WriteCore(Utf8JsonWriter writer, T& value, JsonSerializerOptions options, WriteStack& state)
   --- End of inner exception stack trace ---
   at System.Text.Json.ThrowHelper.ThrowNotSupportedException(WriteStack& state, NotSupportedException ex)
   at System.Text.Json.Serialization.JsonConverter`1.WriteCore(Utf8JsonWriter writer, T& value, JsonSerializerOptions options, WriteStack& state)
   at System.Text.Json.Serialization.JsonConverter`1.WriteCoreAsObject(Utf8JsonWriter writer, Object value, JsonSerializerOptions options, WriteStack& state)
   at System.Text.Json.JsonSerializer.WriteCore[TValue](Utf8JsonWriter writer, TValue& value, JsonTypeInfo jsonTypeInfo, WriteStack& state)
   at System.Text.Json.JsonSerializer.WriteStreamAsync[TValue](Stream utf8Json, TValue value, JsonTypeInfo jsonTypeInfo, CancellationToken cancellationToken)
   at System.Text.Json.JsonSerializer.WriteStreamAsync[TValue](Stream utf8Json, TValue value, JsonTypeInfo jsonTypeInfo, CancellationToken cancellationToken)
   at System.Text.Json.JsonSerializer.WriteStreamAsync[TValue](Stream utf8Json, TValue value, JsonTypeInfo jsonTypeInfo, CancellationToken cancellationToken)
   at Microsoft.AspNetCore.Mvc.Formatters.SystemTextJsonOutputFormatter.WriteResponseBodyAsync(OutputFormatterWriteContext context, Encoding selectedEncoding)
   at Microsoft.AspNetCore.Mvc.Infrastructure.ResourceInvoker.<InvokeNextResultFilterAsync>g__Awaited|29_0[TFilter,TFilterAsync](ResourceInvoker invoker, Task lastTask, State next, Scope scope, Object state, Boolean isCompleted)
   at Microsoft.AspNetCore.Mvc.Infrastructure.ResourceInvoker.Rethrow(ResultExecutedContextSealed context)
   at Microsoft.AspNetCore.Mvc.Infrastructure.ResourceInvoker.ResultNext[TFilter,TFilterAsync](State& next, Scope& scope, Object& state, Boolean& isCompleted)
   at Microsoft.AspNetCore.Mvc.Infrastructure.ResourceInvoker.InvokeResultFilters()
--- End of stack trace from previous location ---
   at Microsoft.AspNetCore.Mvc.Infrastructure.ResourceInvoker.<InvokeFilterPipelineAsync>g__Awaited|19_0(ResourceInvoker invoker, Task lastTask, State next, Scope scope, Object state, Boolean isCompleted)
   at Microsoft.AspNetCore.Mvc.Infrastructure.ResourceInvoker.<InvokeAsync>g__Logged|17_1(ResourceInvoker invoker)
   at Microsoft.AspNetCore.Routing.EndpointMiddleware.<Invoke>g__AwaitRequestTask|6_0(Endpoint endpoint, Task requestTask, ILogger logger)
   at Microsoft.AspNetCore.Authorization.AuthorizationMiddleware.Invoke(HttpContext context)
   at Swashbuckle.AspNetCore.SwaggerUI.SwaggerUIMiddleware.Invoke(HttpContext httpContext)
   at Swashbuckle.AspNetCore.Swagger.SwaggerMiddleware.Invoke(HttpContext httpContext, ISwaggerProvider swaggerProvider)
   at Microsoft.AspNetCore.Diagnostics.DeveloperExceptionPageMiddleware.Invoke(HttpContext context)

2023-06-14 22:55:51.949 -03:00  INF  Request finished HTTP/2 POST https://localhost:44310/api/AdjustmentResponse/CalculateAdjustment application/json 248 - 500 - text/plain 1146.8853ms
2023-06-14 23:02:13.355 -03:00  INF  Application started. Press Ctrl+C to shut down.
2023-06-14 23:02:13.391 -03:00  INF  Request starting HTTP/2 GET https://localhost:44310/swagger/index.html - -
2023-06-14 23:02:13.393 -03:00  INF  Hosting environment: Development
2023-06-14 23:02:13.393 -03:00  INF  Content root path: C:\Users\Play\Desktop\PROJETOS ----\MACHINESENSE\Adjustment_API\Adjustment.API
2023-06-14 23:02:13.727 -03:00  INF  Request starting HTTP/2 GET https://localhost:44310/_framework/aspnetcore-browser-refresh.js - -
2023-06-14 23:02:13.736 -03:00  INF  Request finished HTTP/2 GET https://localhost:44310/swagger/index.html - - - 200 - text/html;charset=utf-8 348.0902ms
2023-06-14 23:02:13.773 -03:00  INF  Request starting HTTP/2 GET https://localhost:44310/_vs/browserLink - -
2023-06-14 23:02:13.777 -03:00  INF  Request finished HTTP/2 GET https://localhost:44310/_framework/aspnetcore-browser-refresh.js - - - 200 11998 application/javascript;+charset=utf-8 44.5448ms
2023-06-14 23:02:13.854 -03:00  INF  Request finished HTTP/2 GET https://localhost:44310/_vs/browserLink - - - 200 - text/javascript;+charset=UTF-8 82.1133ms
2023-06-14 23:02:13.924 -03:00  INF  Request starting HTTP/2 GET https://localhost:44310/swagger/v1/swagger.json - -
2023-06-14 23:02:14.072 -03:00  INF  Request finished HTTP/2 GET https://localhost:44310/swagger/v1/swagger.json - - - 200 - application/json;charset=utf-8 148.1260ms
2023-06-14 23:02:29.016 -03:00  INF  Request starting HTTP/2 POST https://localhost:44310/api/AdjustmentResponse/CalculateAdjustment application/json 248
2023-06-14 23:02:29.050 -03:00  INF  Executing endpoint 'Adjustment.API.Controllers.AdjustmentResponseController.SendNewDataResponseToCalculate (Adjustment.API)'
2023-06-14 23:02:29.109 -03:00  INF  Route matched with {action = "SendNewDataResponseToCalculate", controller = "AdjustmentResponse"}. Executing controller action with signature System.Threading.Tasks.Task`1[Microsoft.AspNetCore.Mvc.IActionResult] SendNewDataResponseToCalculate(Adjustment.Entities.Entities.DataResponse) on controller Adjustment.API.Controllers.AdjustmentResponseController (Adjustment.API).
2023-06-14 23:02:29.337 -03:00  INF  Adjustment applicable to Angle Quantity: -2
2023-06-14 23:02:29.777 -03:00  WRN  No type was specified for the decimal property 'AdjustmentQuantity' on entity type 'AdjustmentResponse'. This will cause values to be silently truncated if they do not fit in the default precision and scale. Explicitly specify the SQL server column type that can accommodate all the values in 'OnModelCreating' using 'HasColumnType()', specify precision and scale using 'HasPrecision()' or configure a value converter using 'HasConversion()'.
2023-06-14 23:02:29.926 -03:00  INF  Entity Framework Core 5.0.17 initialized 'Context' using provider 'Microsoft.EntityFrameworkCore.SqlServer' with options: None
2023-06-14 23:02:31.075 -03:00  INF  Executed DbCommand (79ms) [Parameters=[@p0='?' (Size = 4000), @p1='?' (DbType = DateTime2), @p2='?' (Size = 4000), @p3='?' (Precision = 18) (Scale = 2) (DbType = Decimal)], CommandType='"Text"', CommandTimeout='30']
SET NOCOUNT ON;
INSERT INTO [AdjustmentResponse] ([AdjustmentCharacteristic], [AdjustmentDate], [AdjustmentMachine], [AdjustmentQuantity])
VALUES (@p0, @p1, @p2, @p3);
SELECT [AdjustmentResponseId]
FROM [AdjustmentResponse]
WHERE @@ROWCOUNT = 1 AND [AdjustmentResponseId] = scope_identity();
2023-06-14 23:02:31.148 -03:00  INF  Executing OkObjectResult, writing value of type 'System.Collections.Generic.List`1[[Adjustment.Entities.Entities.AdjustmentResponse, Adjustment.Entities, Version=1.0.0.0, Culture=neutral, PublicKeyToken=null]]'.
2023-06-14 23:02:31.172 -03:00  INF  Executed action Adjustment.API.Controllers.AdjustmentResponseController.SendNewDataResponseToCalculate (Adjustment.API) in 2057.9141ms
2023-06-14 23:02:31.172 -03:00  INF  Executed endpoint 'Adjustment.API.Controllers.AdjustmentResponseController.SendNewDataResponseToCalculate (Adjustment.API)'
2023-06-14 23:02:31.173 -03:00  INF  Request finished HTTP/2 POST https://localhost:44310/api/AdjustmentResponse/CalculateAdjustment application/json 248 - 200 - application/json;+charset=utf-8 2156.7809ms
2023-06-14 23:02:55.535 -03:00  INF  Request starting HTTP/2 POST https://localhost:44310/api/AdjustmentResponse/CalculateAdjustment application/json 248
2023-06-14 23:02:55.536 -03:00  INF  Executing endpoint 'Adjustment.API.Controllers.AdjustmentResponseController.SendNewDataResponseToCalculate (Adjustment.API)'
2023-06-14 23:02:55.537 -03:00  INF  Route matched with {action = "SendNewDataResponseToCalculate", controller = "AdjustmentResponse"}. Executing controller action with signature System.Threading.Tasks.Task`1[Microsoft.AspNetCore.Mvc.IActionResult] SendNewDataResponseToCalculate(Adjustment.Entities.Entities.DataResponse) on controller Adjustment.API.Controllers.AdjustmentResponseController (Adjustment.API).
2023-06-14 23:02:55.538 -03:00  INF  Adjustment applicable to Angle Quantity: -2
2023-06-14 23:02:55.538 -03:00  INF  Adjustment applicable to Diameter Quantity: -2
2023-06-14 23:02:55.549 -03:00  INF  Executed DbCommand (4ms) [Parameters=[@p0='?' (Size = 4000), @p1='?' (DbType = DateTime2), @p2='?' (Size = 4000), @p3='?' (Precision = 18) (Scale = 2) (DbType = Decimal)], CommandType='"Text"', CommandTimeout='30']
SET NOCOUNT ON;
INSERT INTO [AdjustmentResponse] ([AdjustmentCharacteristic], [AdjustmentDate], [AdjustmentMachine], [AdjustmentQuantity])
VALUES (@p0, @p1, @p2, @p3);
SELECT [AdjustmentResponseId]
FROM [AdjustmentResponse]
WHERE @@ROWCOUNT = 1 AND [AdjustmentResponseId] = scope_identity();
2023-06-14 23:02:55.556 -03:00  INF  Executed DbCommand (1ms) [Parameters=[@p0='?' (Size = 4000), @p1='?' (DbType = DateTime2), @p2='?' (Size = 4000), @p3='?' (Precision = 18) (Scale = 2) (DbType = Decimal)], CommandType='"Text"', CommandTimeout='30']
SET NOCOUNT ON;
INSERT INTO [AdjustmentResponse] ([AdjustmentCharacteristic], [AdjustmentDate], [AdjustmentMachine], [AdjustmentQuantity])
VALUES (@p0, @p1, @p2, @p3);
SELECT [AdjustmentResponseId]
FROM [AdjustmentResponse]
WHERE @@ROWCOUNT = 1 AND [AdjustmentResponseId] = scope_identity();
2023-06-14 23:02:55.559 -03:00  INF  Executing OkObjectResult, writing value of type 'System.Collections.Generic.List`1[[Adjustment.Entities.Entities.AdjustmentResponse, Adjustment.Entities, Version=1.0.0.0, Culture=neutral, PublicKeyToken=null]]'.
2023-06-14 23:02:55.560 -03:00  INF  Executed action Adjustment.API.Controllers.AdjustmentResponseController.SendNewDataResponseToCalculate (Adjustment.API) in 23.1457ms
2023-06-14 23:02:55.560 -03:00  INF  Executed endpoint 'Adjustment.API.Controllers.AdjustmentResponseController.SendNewDataResponseToCalculate (Adjustment.API)'
2023-06-14 23:02:55.560 -03:00  INF  Request finished HTTP/2 POST https://localhost:44310/api/AdjustmentResponse/CalculateAdjustment application/json 248 - 200 - application/json;+charset=utf-8 25.2195ms
