2023-06-14 21:32:44.113 -03:00  INF  Application started. Press Ctrl+C to shut down.
2023-06-14 21:32:44.189 -03:00  INF  Hosting environment: Development
2023-06-14 21:32:44.190 -03:00  INF  Content root path: C:\Users\Play\Desktop\PROJETOS ----\MACHINESENSE\DataGenerator_API\DataGenerator.API
2023-06-14 21:32:44.188 -03:00  INF  Request starting HTTP/2 GET https://localhost:44393/swagger/index.html - -
2023-06-14 21:32:44.990 -03:00  INF  Request finished HTTP/2 GET https://localhost:44393/swagger/index.html - - - 200 - text/html;charset=utf-8 804.7671ms
2023-06-14 21:32:45.191 -03:00  INF  Request starting HTTP/2 GET https://localhost:44393/_framework/aspnetcore-browser-refresh.js - -
2023-06-14 21:32:45.191 -03:00  INF  Request starting HTTP/2 GET https://localhost:44393/_vs/browserLink - -
2023-06-14 21:32:45.253 -03:00  INF  Request finished HTTP/2 GET https://localhost:44393/_framework/aspnetcore-browser-refresh.js - - - 200 12004 application/javascript;+charset=utf-8 52.9330ms
2023-06-14 21:32:45.336 -03:00  INF  Request finished HTTP/2 GET https://localhost:44393/_vs/browserLink - - - 200 - text/javascript;+charset=UTF-8 144.1504ms
2023-06-14 21:32:45.408 -03:00  INF  Request starting HTTP/2 GET https://localhost:44393/swagger/v1/swagger.json - -
2023-06-14 21:32:45.554 -03:00  INF  Request finished HTTP/2 GET https://localhost:44393/swagger/v1/swagger.json - - - 200 - application/json;charset=utf-8 145.4839ms
2023-06-14 21:33:00.282 -03:00  INF  Request starting HTTP/2 POST https://localhost:44393/api/ResultData application/json 190
2023-06-14 21:33:00.323 -03:00  INF  Executing endpoint 'DataGenerator.API.Controllers.ResultDataController.Add (DataGenerator.API)'
2023-06-14 21:33:00.406 -03:00  INF  Route matched with {action = "Add", controller = "ResultData"}. Executing controller action with signature System.Threading.Tasks.Task`1[Microsoft.AspNetCore.Mvc.IActionResult] Add(DataGenerator.Entities.Entities.ResultData) on controller DataGenerator.API.Controllers.ResultDataController (DataGenerator.API).
2023-06-14 21:33:02.110 -03:00  INF  Entity Framework Core 5.0.17 initialized 'Context' using provider 'Microsoft.EntityFrameworkCore.SqlServer' with options: None
2023-06-14 21:33:03.187 -03:00  INF  Executed DbCommand (66ms) [Parameters=[@p0='?' (DbType = Int32), @p1='?' (DbType = Int32), @p2='?' (DbType = Int32), @p3='?' (DbType = Int32), @p4='?' (DbType = Int32), @p5='?' (DbType = Int32), @p6='?' (Size = 4000), @p7='?' (DbType = DateTime2)], CommandType='"Text"', CommandTimeout='30']
SET NOCOUNT ON;
INSERT INTO [ResultData] ([AngleLowerTol], [AngleResult], [AngleUpperTol], [DiameterLowerTol], [DiameterResult], [DiameterUpperTol], [MachineName], [ResultDate])
VALUES (@p0, @p1, @p2, @p3, @p4, @p5, @p6, @p7);
SELECT [IdResult]
FROM [ResultData]
WHERE @@ROWCOUNT = 1 AND [IdResult] = scope_identity();
2023-06-14 21:33:03.270 -03:00  INF  Added result to database
2023-06-14 21:33:03.304 -03:00  INF  Start processing HTTP request POST "https://localhost:44318/api/MachineSenseWebhook/DataGeneratorTopic"
2023-06-14 21:33:03.306 -03:00  INF  Sending HTTP request POST "https://localhost:44318/api/MachineSenseWebhook/DataGeneratorTopic"
2023-06-14 21:33:08.280 -03:00  ERR  An error occurred while notifying the webhook. System.Net.Http.HttpRequestException: No connection could be made because the target machine actively refused it. (localhost:44318)
 ---> System.Net.Sockets.SocketException (10061): No connection could be made because the target machine actively refused it.
   at System.Net.Sockets.Socket.AwaitableSocketAsyncEventArgs.ThrowException(SocketError error, CancellationToken cancellationToken)
   at System.Net.Sockets.Socket.AwaitableSocketAsyncEventArgs.System.Threading.Tasks.Sources.IValueTaskSource.GetResult(Int16 token)
   at System.Net.Sockets.Socket.<ConnectAsync>g__WaitForConnectWithCancellation|283_0(AwaitableSocketAsyncEventArgs saea, ValueTask connectTask, CancellationToken cancellationToken)
   at System.Net.Http.HttpConnectionPool.DefaultConnectAsync(SocketsHttpConnectionContext context, CancellationToken cancellationToken)
   at System.Net.Http.ConnectHelper.ConnectAsync(Func`3 callback, DnsEndPoint endPoint, HttpRequestMessage requestMessage, CancellationToken cancellationToken)
   --- End of inner exception stack trace ---
   at System.Net.Http.ConnectHelper.ConnectAsync(Func`3 callback, DnsEndPoint endPoint, HttpRequestMessage requestMessage, CancellationToken cancellationToken)
   at System.Net.Http.HttpConnectionPool.ConnectAsync(HttpRequestMessage request, Boolean async, CancellationToken cancellationToken)
   at System.Net.Http.HttpConnectionPool.CreateHttp11ConnectionAsync(HttpRequestMessage request, Boolean async, CancellationToken cancellationToken)
   at System.Net.Http.HttpConnectionPool.GetHttpConnectionAsync(HttpRequestMessage request, Boolean async, CancellationToken cancellationToken)
   at System.Net.Http.HttpConnectionPool.SendWithRetryAsync(HttpRequestMessage request, Boolean async, Boolean doRequestAuth, CancellationToken cancellationToken)
   at System.Net.Http.RedirectHandler.SendAsync(HttpRequestMessage request, Boolean async, CancellationToken cancellationToken)
   at System.Net.Http.DiagnosticsHandler.SendAsyncCore(HttpRequestMessage request, Boolean async, CancellationToken cancellationToken)
   at Microsoft.Extensions.Http.Logging.LoggingHttpMessageHandler.SendAsync(HttpRequestMessage request, CancellationToken cancellationToken)
   at Microsoft.Extensions.Http.Logging.LoggingScopeHttpMessageHandler.SendAsync(HttpRequestMessage request, CancellationToken cancellationToken)
   at System.Net.Http.HttpClient.SendAsyncCore(HttpRequestMessage request, HttpCompletionOption completionOption, Boolean async, Boolean emitTelemetryStartStop, CancellationToken cancellationToken)
   at DataGenerator.Infrastructure.Services.HttpService.PostAsync[T](String url, T data) in C:\Users\Play\Desktop\PROJETOS ----\MACHINESENSE\DataGenerator_API\DataGenerator.Infrastructure\Services\HttpService.cs:line 26
   at DataGenerator.Infrastructure.Services.DataResponseInfraService.NotifyNewDataResponse(DataResponse dataResponse) in C:\Users\Play\Desktop\PROJETOS ----\MACHINESENSE\DataGenerator_API\DataGenerator.Infrastructure\Services\DataResponseInfraService.cs:line 24
   at DataGenerator.Domain.Services.DataResponseService.NotifyNewDataResponse(DataResponse dataResponse) in C:\Users\Play\Desktop\PROJETOS ----\MACHINESENSE\DataGenerator_API\DataGenerator.Domain\Services\DataResponseService.cs:line 29
   at DataGenerator.Application.Application.ApplicationDataResponse.NotifyNewDataResponse(DataResponse dataResponse) in C:\Users\Play\Desktop\PROJETOS ----\MACHINESENSE\DataGenerator_API\DataGenerator.Application\Application\ApplicationDataResponse.cs:line 22
   at DataGenerator.API.Controllers.ResultDataController.Add(ResultData resultData) in C:\Users\Play\Desktop\PROJETOS ----\MACHINESENSE\DataGenerator_API\DataGenerator.API\Controllers\ResultDataController.cs:line 56
2023-06-14 21:33:08.289 -03:00  INF  Executing HttpStatusCodeResult, setting HTTP status code 200
2023-06-14 21:33:08.294 -03:00  INF  Executed action DataGenerator.API.Controllers.ResultDataController.Add (DataGenerator.API) in 7883.7385ms
2023-06-14 21:33:08.295 -03:00  INF  Executed endpoint 'DataGenerator.API.Controllers.ResultDataController.Add (DataGenerator.API)'
2023-06-14 21:33:08.296 -03:00  INF  Request finished HTTP/2 POST https://localhost:44393/api/ResultData application/json 190 - 200 - - 8013.4982ms
2023-06-14 23:07:28.610 -03:00  INF  Application started. Press Ctrl+C to shut down.
2023-06-14 23:07:28.648 -03:00  INF  Hosting environment: Development
2023-06-14 23:07:28.649 -03:00  INF  Content root path: C:\Users\Play\Desktop\PROJETOS ----\MACHINESENSE\DataGenerator_API\DataGenerator.API
2023-06-14 23:07:28.655 -03:00  INF  Request starting HTTP/2 GET https://localhost:44393/swagger/index.html - -
2023-06-14 23:07:29.080 -03:00  INF  Request finished HTTP/2 GET https://localhost:44393/swagger/index.html - - - 200 - text/html;charset=utf-8 427.5390ms
2023-06-14 23:07:29.248 -03:00  INF  Request starting HTTP/2 GET https://localhost:44393/_framework/aspnetcore-browser-refresh.js - -
2023-06-14 23:07:29.249 -03:00  INF  Request starting HTTP/2 GET https://localhost:44393/_vs/browserLink - -
2023-06-14 23:07:29.297 -03:00  INF  Request finished HTTP/2 GET https://localhost:44393/_framework/aspnetcore-browser-refresh.js - - - 200 12004 application/javascript;+charset=utf-8 44.5228ms
2023-06-14 23:07:29.348 -03:00  INF  Request finished HTTP/2 GET https://localhost:44393/_vs/browserLink - - - 200 - text/javascript;+charset=UTF-8 98.6506ms
2023-06-14 23:07:29.399 -03:00  INF  Request starting HTTP/2 GET https://localhost:44393/swagger/v1/swagger.json - -
2023-06-14 23:07:29.960 -03:00  INF  Request finished HTTP/2 GET https://localhost:44393/swagger/v1/swagger.json - - - 200 - application/json;charset=utf-8 560.5059ms
