2023-06-04 21:04:36.838 -03:00  INF  Application started. Press Ctrl+C to shut down.
2023-06-04 21:04:36.894 -03:00  INF  Hosting environment: Development
2023-06-04 21:04:36.895 -03:00  INF  Content root path: C:\Users\Play\Desktop\PROJETOS ----\MACHINESENSE\DataGenerator_API\DataGenerator.API
2023-06-04 21:04:36.893 -03:00  INF  Request starting HTTP/2 GET https://localhost:44393/swagger/index.html - -
2023-06-04 21:04:37.494 -03:00  INF  Request starting HTTP/2 GET https://localhost:44393/_vs/browserLink - -
2023-06-04 21:04:37.502 -03:00  INF  Request starting HTTP/2 GET https://localhost:44393/_framework/aspnetcore-browser-refresh.js - -
2023-06-04 21:04:37.532 -03:00  INF  Request finished HTTP/2 GET https://localhost:44393/swagger/index.html - - - 200 - text/html;charset=utf-8 635.4307ms
2023-06-04 21:04:37.605 -03:00  INF  Request finished HTTP/2 GET https://localhost:44393/_framework/aspnetcore-browser-refresh.js - - - 200 12004 application/javascript;+charset=utf-8 91.2736ms
2023-06-04 21:04:37.711 -03:00  INF  Request finished HTTP/2 GET https://localhost:44393/_vs/browserLink - - - 200 - text/javascript;+charset=UTF-8 217.3871ms
2023-06-04 21:04:37.839 -03:00  INF  Request starting HTTP/2 GET https://localhost:44393/swagger/v1/swagger.json - -
2023-06-04 21:04:37.971 -03:00  INF  Request finished HTTP/2 GET https://localhost:44393/swagger/v1/swagger.json - - - 200 - application/json;charset=utf-8 137.7503ms
2023-06-04 21:07:36.693 -03:00  INF  Request starting HTTP/2 POST https://localhost:44393/api/ResultData application/json 190
2023-06-04 21:07:36.738 -03:00  INF  Executing endpoint 'DataGenerator.API.Controllers.ResultDataController.Add (DataGenerator.API)'
2023-06-04 21:07:36.801 -03:00  INF  Route matched with {action = "Add", controller = "ResultData"}. Executing controller action with signature System.Threading.Tasks.Task`1[Microsoft.AspNetCore.Mvc.IActionResult] Add(DataGenerator.Entities.Entities.ResultData) on controller DataGenerator.API.Controllers.ResultDataController (DataGenerator.API).
2023-06-04 21:07:37.887 -03:00  INF  Entity Framework Core 5.0.17 initialized 'Context' using provider 'Microsoft.EntityFrameworkCore.SqlServer' with options: None
2023-06-04 21:07:38.936 -03:00  INF  Executed DbCommand (64ms) [Parameters=[@p0='?' (DbType = Int32), @p1='?' (DbType = Int32), @p2='?' (DbType = Int32), @p3='?' (DbType = Int32), @p4='?' (DbType = Int32), @p5='?' (DbType = Int32), @p6='?' (Size = 4000), @p7='?' (DbType = DateTime2)], CommandType='"Text"', CommandTimeout='30']
SET NOCOUNT ON;
INSERT INTO [ResultData] ([AngleLowerTol], [AngleResult], [AngleUpperTol], [DiameterLowerTol], [DiameterResult], [DiameterUpperTol], [MachineName], [ResultDate])
VALUES (@p0, @p1, @p2, @p3, @p4, @p5, @p6, @p7);
SELECT [IdResult]
FROM [ResultData]
WHERE @@ROWCOUNT = 1 AND [IdResult] = scope_identity();
2023-06-04 21:07:39.025 -03:00  INF  Added result to database
2023-06-04 21:07:39.073 -03:00  INF  Start processing HTTP request POST "https://localhost:44318/api/MachineSenseWebhook"
2023-06-04 21:07:39.076 -03:00  INF  Sending HTTP request POST "https://localhost:44318/api/MachineSenseWebhook"
2023-06-04 21:07:44.331 -03:00  INF  An error occurred while notifying the webhook. System.Net.Http.HttpRequestException: No connection could be made because the target machine actively refused it. (localhost:44318)
 ---> System.Net.Sockets.SocketException (10061): No connection could be made because the target machine actively refused it.
   at System.Net.Sockets.Socket.AwaitableSocketAsyncEventArgs.ThrowException(SocketError error, CancellationToken cancellationToken)
   at System.Net.Sockets.Socket.AwaitableSocketAsyncEventArgs.System.Threading.Tasks.Sources.IValueTaskSource.GetResult(Int16 token)
   at System.Net.Sockets.Socket.<ConnectAsync>g__WaitForConnectWithCancellation|283_0(AwaitableSocketAsyncEventArgs saea, ValueTask connectTask, CancellationToken cancellationToken)
   at System.Net.Http.HttpConnectionPool.DefaultConnectAsync(SocketsHttpConnectionContext context, CancellationToken cancellationToken)
   at System.Net.Http.ConnectHelper.ConnectAsync(Func`3 callback, DnsEndPoint endPoint, HttpRequestMessage requestMessage, CancellationToken cancellationToken)
   --- End of inner exception stack trace ---
   at System.Net.Http.ConnectHelper.ConnectAsync(Func`3 callback, DnsEndPoint endPoint, HttpRequestMessage requestMessage, CancellationToken cancellationToken)
   at System.Net.Http.HttpConnectionPool.ConnectAsync(HttpRequestMessage request, Boolean async, CancellationToken cancellationToken)
   at System.Net.Http.HttpConnectionPool.CreateHttp11ConnectionAsync(HttpRequestMessage request, Boolean async, CancellationToken cancellationToken)
   at System.Net.Http.HttpConnectionPool.GetHttpConnectionAsync(HttpRequestMessage request, Boolean async, CancellationToken cancellationToken)
   at System.Net.Http.HttpConnectionPool.SendWithRetryAsync(HttpRequestMessage request, Boolean async, Boolean doRequestAuth, CancellationToken cancellationToken)
   at System.Net.Http.RedirectHandler.SendAsync(HttpRequestMessage request, Boolean async, CancellationToken cancellationToken)
   at System.Net.Http.DiagnosticsHandler.SendAsyncCore(HttpRequestMessage request, Boolean async, CancellationToken cancellationToken)
   at Microsoft.Extensions.Http.Logging.LoggingHttpMessageHandler.SendAsync(HttpRequestMessage request, CancellationToken cancellationToken)
   at Microsoft.Extensions.Http.Logging.LoggingScopeHttpMessageHandler.SendAsync(HttpRequestMessage request, CancellationToken cancellationToken)
   at System.Net.Http.HttpClient.SendAsyncCore(HttpRequestMessage request, HttpCompletionOption completionOption, Boolean async, Boolean emitTelemetryStartStop, CancellationToken cancellationToken)
   at DataGenerator.Infrastructure.Services.HttpService.PostAsync[T](String url, T data) in C:\Users\Play\Desktop\PROJETOS ----\MACHINESENSE\DataGenerator_API\DataGenerator.Infrastructure\Services\HttpService.cs:line 26
   at DataGenerator.Infrastructure.Services.DataResponseInfraService.NotifyNewDataResponse(DataResponse dataResponse) in C:\Users\Play\Desktop\PROJETOS ----\MACHINESENSE\DataGenerator_API\DataGenerator.Infrastructure\Services\DataResponseInfraService.cs:line 24
   at DataGenerator.Domain.Services.DataResponseService.NotifyNewDataResponse(DataResponse dataResponse) in C:\Users\Play\Desktop\PROJETOS ----\MACHINESENSE\DataGenerator_API\DataGenerator.Domain\Services\DataResponseService.cs:line 26
   at DataGenerator.Application.Application.ApplicationDataResponse.NotifyNewDataResponse(DataResponse dataResponse) in C:\Users\Play\Desktop\PROJETOS ----\MACHINESENSE\DataGenerator_API\DataGenerator.Application\Application\ApplicationDataResponse.cs:line 22
   at DataGenerator.API.Controllers.ResultDataController.Add(ResultData resultData) in C:\Users\Play\Desktop\PROJETOS ----\MACHINESENSE\DataGenerator_API\DataGenerator.API\Controllers\ResultDataController.cs:line 66
2023-06-04 21:07:44.343 -03:00  INF  Executing HttpStatusCodeResult, setting HTTP status code 200
2023-06-04 21:07:44.354 -03:00  INF  Executed action DataGenerator.API.Controllers.ResultDataController.Add (DataGenerator.API) in 7545.53ms
2023-06-04 21:07:44.355 -03:00  INF  Executed endpoint 'DataGenerator.API.Controllers.ResultDataController.Add (DataGenerator.API)'
2023-06-04 21:07:44.359 -03:00  INF  Request finished HTTP/2 POST https://localhost:44393/api/ResultData application/json 190 - 200 - - 7665.8765ms
2023-06-04 21:12:27.123 -03:00  INF  Application started. Press Ctrl+C to shut down.
2023-06-04 21:12:27.166 -03:00  INF  Hosting environment: Development
2023-06-04 21:12:27.167 -03:00  INF  Content root path: C:\Users\Play\Desktop\PROJETOS ----\MACHINESENSE\DataGenerator_API\DataGenerator.API
2023-06-04 21:12:27.167 -03:00  INF  Request starting HTTP/2 GET https://localhost:44393/swagger/index.html - -
2023-06-04 21:12:28.490 -03:00  INF  Request starting HTTP/2 GET https://localhost:44393/_framework/aspnetcore-browser-refresh.js - -
2023-06-04 21:12:28.491 -03:00  INF  Request finished HTTP/2 GET https://localhost:44393/swagger/index.html - - - 200 - text/html;charset=utf-8 1209.7191ms
2023-06-04 21:12:28.634 -03:00  INF  Request starting HTTP/2 GET https://localhost:44393/_vs/browserLink - -
2023-06-04 21:12:28.774 -03:00  INF  Request finished HTTP/2 GET https://localhost:44393/_framework/aspnetcore-browser-refresh.js - - - 200 12004 application/javascript;+charset=utf-8 279.9382ms
2023-06-04 21:12:29.182 -03:00  INF  Request finished HTTP/2 GET https://localhost:44393/_vs/browserLink - - - 200 - text/javascript;+charset=UTF-8 548.6890ms
2023-06-04 21:12:29.345 -03:00  INF  Request starting HTTP/2 GET https://localhost:44393/swagger/v1/swagger.json - -
2023-06-04 21:12:29.764 -03:00  INF  Request finished HTTP/2 GET https://localhost:44393/swagger/v1/swagger.json - - - 200 - application/json;charset=utf-8 418.1561ms
2023-06-04 21:12:32.133 -03:00  INF  Request starting HTTP/1.1 POST https://localhost:44393/api/ResultData application/json;+charset=utf-8 202
2023-06-04 21:12:32.181 -03:00  INF  Executing endpoint 'DataGenerator.API.Controllers.ResultDataController.Add (DataGenerator.API)'
2023-06-04 21:12:32.385 -03:00  INF  Route matched with {action = "Add", controller = "ResultData"}. Executing controller action with signature System.Threading.Tasks.Task`1[Microsoft.AspNetCore.Mvc.IActionResult] Add(DataGenerator.Entities.Entities.ResultData) on controller DataGenerator.API.Controllers.ResultDataController (DataGenerator.API).
2023-06-04 21:12:33.993 -03:00  INF  Entity Framework Core 5.0.17 initialized 'Context' using provider 'Microsoft.EntityFrameworkCore.SqlServer' with options: None
2023-06-04 21:12:34.737 -03:00  INF  Executed DbCommand (44ms) [Parameters=[@p0='?' (DbType = Int32), @p1='?' (DbType = Int32), @p2='?' (DbType = Int32), @p3='?' (DbType = Int32), @p4='?' (DbType = Int32), @p5='?' (DbType = Int32), @p6='?' (Size = 4000), @p7='?' (DbType = DateTime2)], CommandType='"Text"', CommandTimeout='30']
SET NOCOUNT ON;
INSERT INTO [ResultData] ([AngleLowerTol], [AngleResult], [AngleUpperTol], [DiameterLowerTol], [DiameterResult], [DiameterUpperTol], [MachineName], [ResultDate])
VALUES (@p0, @p1, @p2, @p3, @p4, @p5, @p6, @p7);
SELECT [IdResult]
FROM [ResultData]
WHERE @@ROWCOUNT = 1 AND [IdResult] = scope_identity();
2023-06-04 21:12:34.801 -03:00  INF  Added result to database
2023-06-04 21:12:34.818 -03:00  INF  Start processing HTTP request POST "https://localhost:44318/api/MachineSenseWebhook"
2023-06-04 21:12:34.820 -03:00  INF  Sending HTTP request POST "https://localhost:44318/api/MachineSenseWebhook"
2023-06-04 21:12:39.435 -03:00  INF  An error occurred while notifying the webhook. System.Net.Http.HttpRequestException: No connection could be made because the target machine actively refused it. (localhost:44318)
 ---> System.Net.Sockets.SocketException (10061): No connection could be made because the target machine actively refused it.
   at System.Net.Sockets.Socket.AwaitableSocketAsyncEventArgs.ThrowException(SocketError error, CancellationToken cancellationToken)
   at System.Net.Sockets.Socket.AwaitableSocketAsyncEventArgs.System.Threading.Tasks.Sources.IValueTaskSource.GetResult(Int16 token)
   at System.Net.Sockets.Socket.<ConnectAsync>g__WaitForConnectWithCancellation|283_0(AwaitableSocketAsyncEventArgs saea, ValueTask connectTask, CancellationToken cancellationToken)
   at System.Net.Http.HttpConnectionPool.DefaultConnectAsync(SocketsHttpConnectionContext context, CancellationToken cancellationToken)
   at System.Net.Http.ConnectHelper.ConnectAsync(Func`3 callback, DnsEndPoint endPoint, HttpRequestMessage requestMessage, CancellationToken cancellationToken)
   --- End of inner exception stack trace ---
   at System.Net.Http.ConnectHelper.ConnectAsync(Func`3 callback, DnsEndPoint endPoint, HttpRequestMessage requestMessage, CancellationToken cancellationToken)
   at System.Net.Http.HttpConnectionPool.ConnectAsync(HttpRequestMessage request, Boolean async, CancellationToken cancellationToken)
   at System.Net.Http.HttpConnectionPool.CreateHttp11ConnectionAsync(HttpRequestMessage request, Boolean async, CancellationToken cancellationToken)
   at System.Net.Http.HttpConnectionPool.GetHttpConnectionAsync(HttpRequestMessage request, Boolean async, CancellationToken cancellationToken)
   at System.Net.Http.HttpConnectionPool.SendWithRetryAsync(HttpRequestMessage request, Boolean async, Boolean doRequestAuth, CancellationToken cancellationToken)
   at System.Net.Http.RedirectHandler.SendAsync(HttpRequestMessage request, Boolean async, CancellationToken cancellationToken)
   at System.Net.Http.DiagnosticsHandler.SendAsyncCore(HttpRequestMessage request, Boolean async, CancellationToken cancellationToken)
   at Microsoft.Extensions.Http.Logging.LoggingHttpMessageHandler.SendAsync(HttpRequestMessage request, CancellationToken cancellationToken)
   at Microsoft.Extensions.Http.Logging.LoggingScopeHttpMessageHandler.SendAsync(HttpRequestMessage request, CancellationToken cancellationToken)
   at System.Net.Http.HttpClient.SendAsyncCore(HttpRequestMessage request, HttpCompletionOption completionOption, Boolean async, Boolean emitTelemetryStartStop, CancellationToken cancellationToken)
   at DataGenerator.Infrastructure.Services.HttpService.PostAsync[T](String url, T data) in C:\Users\Play\Desktop\PROJETOS ----\MACHINESENSE\DataGenerator_API\DataGenerator.Infrastructure\Services\HttpService.cs:line 26
   at DataGenerator.Infrastructure.Services.DataResponseInfraService.NotifyNewDataResponse(DataResponse dataResponse) in C:\Users\Play\Desktop\PROJETOS ----\MACHINESENSE\DataGenerator_API\DataGenerator.Infrastructure\Services\DataResponseInfraService.cs:line 24
   at DataGenerator.Domain.Services.DataResponseService.NotifyNewDataResponse(DataResponse dataResponse) in C:\Users\Play\Desktop\PROJETOS ----\MACHINESENSE\DataGenerator_API\DataGenerator.Domain\Services\DataResponseService.cs:line 26
   at DataGenerator.Application.Application.ApplicationDataResponse.NotifyNewDataResponse(DataResponse dataResponse) in C:\Users\Play\Desktop\PROJETOS ----\MACHINESENSE\DataGenerator_API\DataGenerator.Application\Application\ApplicationDataResponse.cs:line 22
   at DataGenerator.API.Controllers.ResultDataController.Add(ResultData resultData) in C:\Users\Play\Desktop\PROJETOS ----\MACHINESENSE\DataGenerator_API\DataGenerator.API\Controllers\ResultDataController.cs:line 66
2023-06-04 21:12:39.442 -03:00  INF  Executing HttpStatusCodeResult, setting HTTP status code 200
2023-06-04 21:12:39.448 -03:00  INF  Executed action DataGenerator.API.Controllers.ResultDataController.Add (DataGenerator.API) in 7056.651ms
2023-06-04 21:12:39.449 -03:00  INF  Executed endpoint 'DataGenerator.API.Controllers.ResultDataController.Add (DataGenerator.API)'
2023-06-04 21:12:39.451 -03:00  INF  Request finished HTTP/1.1 POST https://localhost:44393/api/ResultData application/json;+charset=utf-8 202 - 200 - - 7318.0350ms
2023-06-04 21:12:49.497 -03:00  INF  Request starting HTTP/1.1 POST https://localhost:44393/api/ResultData application/json;+charset=utf-8 203
2023-06-04 21:12:49.499 -03:00  INF  Executing endpoint 'DataGenerator.API.Controllers.ResultDataController.Add (DataGenerator.API)'
2023-06-04 21:12:49.500 -03:00  INF  Route matched with {action = "Add", controller = "ResultData"}. Executing controller action with signature System.Threading.Tasks.Task`1[Microsoft.AspNetCore.Mvc.IActionResult] Add(DataGenerator.Entities.Entities.ResultData) on controller DataGenerator.API.Controllers.ResultDataController (DataGenerator.API).
2023-06-04 21:12:49.525 -03:00  INF  Executed DbCommand (8ms) [Parameters=[@p0='?' (DbType = Int32), @p1='?' (DbType = Int32), @p2='?' (DbType = Int32), @p3='?' (DbType = Int32), @p4='?' (DbType = Int32), @p5='?' (DbType = Int32), @p6='?' (Size = 4000), @p7='?' (DbType = DateTime2)], CommandType='"Text"', CommandTimeout='30']
SET NOCOUNT ON;
INSERT INTO [ResultData] ([AngleLowerTol], [AngleResult], [AngleUpperTol], [DiameterLowerTol], [DiameterResult], [DiameterUpperTol], [MachineName], [ResultDate])
VALUES (@p0, @p1, @p2, @p3, @p4, @p5, @p6, @p7);
SELECT [IdResult]
FROM [ResultData]
WHERE @@ROWCOUNT = 1 AND [IdResult] = scope_identity();
2023-06-04 21:12:49.534 -03:00  INF  Added result to database
2023-06-04 21:12:49.534 -03:00  INF  Start processing HTTP request POST "https://localhost:44318/api/MachineSenseWebhook"
2023-06-04 21:12:49.534 -03:00  INF  Sending HTTP request POST "https://localhost:44318/api/MachineSenseWebhook"
2023-06-04 21:12:54.027 -03:00  INF  An error occurred while notifying the webhook. System.Net.Http.HttpRequestException: No connection could be made because the target machine actively refused it. (localhost:44318)
 ---> System.Net.Sockets.SocketException (10061): No connection could be made because the target machine actively refused it.
   at System.Net.Sockets.Socket.AwaitableSocketAsyncEventArgs.ThrowException(SocketError error, CancellationToken cancellationToken)
   at System.Net.Sockets.Socket.AwaitableSocketAsyncEventArgs.System.Threading.Tasks.Sources.IValueTaskSource.GetResult(Int16 token)
   at System.Net.Sockets.Socket.<ConnectAsync>g__WaitForConnectWithCancellation|283_0(AwaitableSocketAsyncEventArgs saea, ValueTask connectTask, CancellationToken cancellationToken)
   at System.Net.Http.HttpConnectionPool.DefaultConnectAsync(SocketsHttpConnectionContext context, CancellationToken cancellationToken)
   at System.Net.Http.ConnectHelper.ConnectAsync(Func`3 callback, DnsEndPoint endPoint, HttpRequestMessage requestMessage, CancellationToken cancellationToken)
   --- End of inner exception stack trace ---
   at System.Net.Http.ConnectHelper.ConnectAsync(Func`3 callback, DnsEndPoint endPoint, HttpRequestMessage requestMessage, CancellationToken cancellationToken)
   at System.Net.Http.HttpConnectionPool.ConnectAsync(HttpRequestMessage request, Boolean async, CancellationToken cancellationToken)
   at System.Net.Http.HttpConnectionPool.CreateHttp11ConnectionAsync(HttpRequestMessage request, Boolean async, CancellationToken cancellationToken)
   at System.Net.Http.HttpConnectionPool.GetHttpConnectionAsync(HttpRequestMessage request, Boolean async, CancellationToken cancellationToken)
   at System.Net.Http.HttpConnectionPool.SendWithRetryAsync(HttpRequestMessage request, Boolean async, Boolean doRequestAuth, CancellationToken cancellationToken)
   at System.Net.Http.RedirectHandler.SendAsync(HttpRequestMessage request, Boolean async, CancellationToken cancellationToken)
   at System.Net.Http.DiagnosticsHandler.SendAsyncCore(HttpRequestMessage request, Boolean async, CancellationToken cancellationToken)
   at Microsoft.Extensions.Http.Logging.LoggingHttpMessageHandler.SendAsync(HttpRequestMessage request, CancellationToken cancellationToken)
   at Microsoft.Extensions.Http.Logging.LoggingScopeHttpMessageHandler.SendAsync(HttpRequestMessage request, CancellationToken cancellationToken)
   at System.Net.Http.HttpClient.SendAsyncCore(HttpRequestMessage request, HttpCompletionOption completionOption, Boolean async, Boolean emitTelemetryStartStop, CancellationToken cancellationToken)
   at DataGenerator.Infrastructure.Services.HttpService.PostAsync[T](String url, T data) in C:\Users\Play\Desktop\PROJETOS ----\MACHINESENSE\DataGenerator_API\DataGenerator.Infrastructure\Services\HttpService.cs:line 26
   at DataGenerator.Infrastructure.Services.DataResponseInfraService.NotifyNewDataResponse(DataResponse dataResponse) in C:\Users\Play\Desktop\PROJETOS ----\MACHINESENSE\DataGenerator_API\DataGenerator.Infrastructure\Services\DataResponseInfraService.cs:line 24
   at DataGenerator.Domain.Services.DataResponseService.NotifyNewDataResponse(DataResponse dataResponse) in C:\Users\Play\Desktop\PROJETOS ----\MACHINESENSE\DataGenerator_API\DataGenerator.Domain\Services\DataResponseService.cs:line 26
   at DataGenerator.Application.Application.ApplicationDataResponse.NotifyNewDataResponse(DataResponse dataResponse) in C:\Users\Play\Desktop\PROJETOS ----\MACHINESENSE\DataGenerator_API\DataGenerator.Application\Application\ApplicationDataResponse.cs:line 22
   at DataGenerator.API.Controllers.ResultDataController.Add(ResultData resultData) in C:\Users\Play\Desktop\PROJETOS ----\MACHINESENSE\DataGenerator_API\DataGenerator.API\Controllers\ResultDataController.cs:line 66
2023-06-04 21:12:54.028 -03:00  INF  Executing HttpStatusCodeResult, setting HTTP status code 200
2023-06-04 21:12:54.028 -03:00  INF  Executed action DataGenerator.API.Controllers.ResultDataController.Add (DataGenerator.API) in 4527.9943ms
2023-06-04 21:12:54.028 -03:00  INF  Executed endpoint 'DataGenerator.API.Controllers.ResultDataController.Add (DataGenerator.API)'
2023-06-04 21:12:54.035 -03:00  INF  Request finished HTTP/1.1 POST https://localhost:44393/api/ResultData application/json;+charset=utf-8 203 - 200 - - 4537.8992ms
2023-06-04 21:13:05.856 -03:00  INF  Request starting HTTP/1.1 POST https://localhost:44393/api/ResultData application/json;+charset=utf-8 203
2023-06-04 21:13:05.856 -03:00  INF  Executing endpoint 'DataGenerator.API.Controllers.ResultDataController.Add (DataGenerator.API)'
2023-06-04 21:13:05.856 -03:00  INF  Route matched with {action = "Add", controller = "ResultData"}. Executing controller action with signature System.Threading.Tasks.Task`1[Microsoft.AspNetCore.Mvc.IActionResult] Add(DataGenerator.Entities.Entities.ResultData) on controller DataGenerator.API.Controllers.ResultDataController (DataGenerator.API).
2023-06-04 21:13:05.863 -03:00  INF  Executed DbCommand (5ms) [Parameters=[@p0='?' (DbType = Int32), @p1='?' (DbType = Int32), @p2='?' (DbType = Int32), @p3='?' (DbType = Int32), @p4='?' (DbType = Int32), @p5='?' (DbType = Int32), @p6='?' (Size = 4000), @p7='?' (DbType = DateTime2)], CommandType='"Text"', CommandTimeout='30']
SET NOCOUNT ON;
INSERT INTO [ResultData] ([AngleLowerTol], [AngleResult], [AngleUpperTol], [DiameterLowerTol], [DiameterResult], [DiameterUpperTol], [MachineName], [ResultDate])
VALUES (@p0, @p1, @p2, @p3, @p4, @p5, @p6, @p7);
SELECT [IdResult]
FROM [ResultData]
WHERE @@ROWCOUNT = 1 AND [IdResult] = scope_identity();
2023-06-04 21:13:05.867 -03:00  INF  Added result to database
2023-06-04 21:13:05.867 -03:00  INF  Start processing HTTP request POST "https://localhost:44318/api/MachineSenseWebhook"
2023-06-04 21:13:05.867 -03:00  INF  Sending HTTP request POST "https://localhost:44318/api/MachineSenseWebhook"
2023-06-04 21:13:10.644 -03:00  INF  An error occurred while notifying the webhook. System.Net.Http.HttpRequestException: No connection could be made because the target machine actively refused it. (localhost:44318)
 ---> System.Net.Sockets.SocketException (10061): No connection could be made because the target machine actively refused it.
   at System.Net.Sockets.Socket.AwaitableSocketAsyncEventArgs.ThrowException(SocketError error, CancellationToken cancellationToken)
   at System.Net.Sockets.Socket.AwaitableSocketAsyncEventArgs.System.Threading.Tasks.Sources.IValueTaskSource.GetResult(Int16 token)
   at System.Net.Sockets.Socket.<ConnectAsync>g__WaitForConnectWithCancellation|283_0(AwaitableSocketAsyncEventArgs saea, ValueTask connectTask, CancellationToken cancellationToken)
   at System.Net.Http.HttpConnectionPool.DefaultConnectAsync(SocketsHttpConnectionContext context, CancellationToken cancellationToken)
   at System.Net.Http.ConnectHelper.ConnectAsync(Func`3 callback, DnsEndPoint endPoint, HttpRequestMessage requestMessage, CancellationToken cancellationToken)
   --- End of inner exception stack trace ---
   at System.Net.Http.ConnectHelper.ConnectAsync(Func`3 callback, DnsEndPoint endPoint, HttpRequestMessage requestMessage, CancellationToken cancellationToken)
   at System.Net.Http.HttpConnectionPool.ConnectAsync(HttpRequestMessage request, Boolean async, CancellationToken cancellationToken)
   at System.Net.Http.HttpConnectionPool.CreateHttp11ConnectionAsync(HttpRequestMessage request, Boolean async, CancellationToken cancellationToken)
   at System.Net.Http.HttpConnectionPool.GetHttpConnectionAsync(HttpRequestMessage request, Boolean async, CancellationToken cancellationToken)
   at System.Net.Http.HttpConnectionPool.SendWithRetryAsync(HttpRequestMessage request, Boolean async, Boolean doRequestAuth, CancellationToken cancellationToken)
   at System.Net.Http.RedirectHandler.SendAsync(HttpRequestMessage request, Boolean async, CancellationToken cancellationToken)
   at System.Net.Http.DiagnosticsHandler.SendAsyncCore(HttpRequestMessage request, Boolean async, CancellationToken cancellationToken)
   at Microsoft.Extensions.Http.Logging.LoggingHttpMessageHandler.SendAsync(HttpRequestMessage request, CancellationToken cancellationToken)
   at Microsoft.Extensions.Http.Logging.LoggingScopeHttpMessageHandler.SendAsync(HttpRequestMessage request, CancellationToken cancellationToken)
   at System.Net.Http.HttpClient.SendAsyncCore(HttpRequestMessage request, HttpCompletionOption completionOption, Boolean async, Boolean emitTelemetryStartStop, CancellationToken cancellationToken)
   at DataGenerator.Infrastructure.Services.HttpService.PostAsync[T](String url, T data) in C:\Users\Play\Desktop\PROJETOS ----\MACHINESENSE\DataGenerator_API\DataGenerator.Infrastructure\Services\HttpService.cs:line 26
   at DataGenerator.Infrastructure.Services.DataResponseInfraService.NotifyNewDataResponse(DataResponse dataResponse) in C:\Users\Play\Desktop\PROJETOS ----\MACHINESENSE\DataGenerator_API\DataGenerator.Infrastructure\Services\DataResponseInfraService.cs:line 24
   at DataGenerator.Domain.Services.DataResponseService.NotifyNewDataResponse(DataResponse dataResponse) in C:\Users\Play\Desktop\PROJETOS ----\MACHINESENSE\DataGenerator_API\DataGenerator.Domain\Services\DataResponseService.cs:line 26
   at DataGenerator.Application.Application.ApplicationDataResponse.NotifyNewDataResponse(DataResponse dataResponse) in C:\Users\Play\Desktop\PROJETOS ----\MACHINESENSE\DataGenerator_API\DataGenerator.Application\Application\ApplicationDataResponse.cs:line 22
   at DataGenerator.API.Controllers.ResultDataController.Add(ResultData resultData) in C:\Users\Play\Desktop\PROJETOS ----\MACHINESENSE\DataGenerator_API\DataGenerator.API\Controllers\ResultDataController.cs:line 66
2023-06-04 21:13:10.644 -03:00  INF  Executing HttpStatusCodeResult, setting HTTP status code 200
2023-06-04 21:13:10.644 -03:00  INF  Executed action DataGenerator.API.Controllers.ResultDataController.Add (DataGenerator.API) in 4788.0089ms
2023-06-04 21:13:10.644 -03:00  INF  Executed endpoint 'DataGenerator.API.Controllers.ResultDataController.Add (DataGenerator.API)'
2023-06-04 21:13:10.645 -03:00  INF  Request finished HTTP/1.1 POST https://localhost:44393/api/ResultData application/json;+charset=utf-8 203 - 200 - - 4789.0211ms
2023-06-04 21:13:20.672 -03:00  INF  Request starting HTTP/1.1 POST https://localhost:44393/api/ResultData application/json;+charset=utf-8 203
2023-06-04 21:13:20.673 -03:00  INF  Executing endpoint 'DataGenerator.API.Controllers.ResultDataController.Add (DataGenerator.API)'
2023-06-04 21:13:20.674 -03:00  INF  Route matched with {action = "Add", controller = "ResultData"}. Executing controller action with signature System.Threading.Tasks.Task`1[Microsoft.AspNetCore.Mvc.IActionResult] Add(DataGenerator.Entities.Entities.ResultData) on controller DataGenerator.API.Controllers.ResultDataController (DataGenerator.API).
2023-06-04 21:13:20.677 -03:00  INF  Executed DbCommand (1ms) [Parameters=[@p0='?' (DbType = Int32), @p1='?' (DbType = Int32), @p2='?' (DbType = Int32), @p3='?' (DbType = Int32), @p4='?' (DbType = Int32), @p5='?' (DbType = Int32), @p6='?' (Size = 4000), @p7='?' (DbType = DateTime2)], CommandType='"Text"', CommandTimeout='30']
SET NOCOUNT ON;
INSERT INTO [ResultData] ([AngleLowerTol], [AngleResult], [AngleUpperTol], [DiameterLowerTol], [DiameterResult], [DiameterUpperTol], [MachineName], [ResultDate])
VALUES (@p0, @p1, @p2, @p3, @p4, @p5, @p6, @p7);
SELECT [IdResult]
FROM [ResultData]
WHERE @@ROWCOUNT = 1 AND [IdResult] = scope_identity();
2023-06-04 21:13:20.678 -03:00  INF  Added result to database
2023-06-04 21:13:20.678 -03:00  INF  Start processing HTTP request POST "https://localhost:44318/api/MachineSenseWebhook"
2023-06-04 21:13:20.678 -03:00  INF  Sending HTTP request POST "https://localhost:44318/api/MachineSenseWebhook"
2023-06-04 21:13:25.117 -03:00  INF  An error occurred while notifying the webhook. System.Net.Http.HttpRequestException: No connection could be made because the target machine actively refused it. (localhost:44318)
 ---> System.Net.Sockets.SocketException (10061): No connection could be made because the target machine actively refused it.
   at System.Net.Sockets.Socket.AwaitableSocketAsyncEventArgs.ThrowException(SocketError error, CancellationToken cancellationToken)
   at System.Net.Sockets.Socket.AwaitableSocketAsyncEventArgs.System.Threading.Tasks.Sources.IValueTaskSource.GetResult(Int16 token)
   at System.Net.Sockets.Socket.<ConnectAsync>g__WaitForConnectWithCancellation|283_0(AwaitableSocketAsyncEventArgs saea, ValueTask connectTask, CancellationToken cancellationToken)
   at System.Net.Http.HttpConnectionPool.DefaultConnectAsync(SocketsHttpConnectionContext context, CancellationToken cancellationToken)
   at System.Net.Http.ConnectHelper.ConnectAsync(Func`3 callback, DnsEndPoint endPoint, HttpRequestMessage requestMessage, CancellationToken cancellationToken)
   --- End of inner exception stack trace ---
   at System.Net.Http.ConnectHelper.ConnectAsync(Func`3 callback, DnsEndPoint endPoint, HttpRequestMessage requestMessage, CancellationToken cancellationToken)
   at System.Net.Http.HttpConnectionPool.ConnectAsync(HttpRequestMessage request, Boolean async, CancellationToken cancellationToken)
   at System.Net.Http.HttpConnectionPool.CreateHttp11ConnectionAsync(HttpRequestMessage request, Boolean async, CancellationToken cancellationToken)
   at System.Net.Http.HttpConnectionPool.GetHttpConnectionAsync(HttpRequestMessage request, Boolean async, CancellationToken cancellationToken)
   at System.Net.Http.HttpConnectionPool.SendWithRetryAsync(HttpRequestMessage request, Boolean async, Boolean doRequestAuth, CancellationToken cancellationToken)
   at System.Net.Http.RedirectHandler.SendAsync(HttpRequestMessage request, Boolean async, CancellationToken cancellationToken)
   at System.Net.Http.DiagnosticsHandler.SendAsyncCore(HttpRequestMessage request, Boolean async, CancellationToken cancellationToken)
   at Microsoft.Extensions.Http.Logging.LoggingHttpMessageHandler.SendAsync(HttpRequestMessage request, CancellationToken cancellationToken)
   at Microsoft.Extensions.Http.Logging.LoggingScopeHttpMessageHandler.SendAsync(HttpRequestMessage request, CancellationToken cancellationToken)
   at System.Net.Http.HttpClient.SendAsyncCore(HttpRequestMessage request, HttpCompletionOption completionOption, Boolean async, Boolean emitTelemetryStartStop, CancellationToken cancellationToken)
   at DataGenerator.Infrastructure.Services.HttpService.PostAsync[T](String url, T data) in C:\Users\Play\Desktop\PROJETOS ----\MACHINESENSE\DataGenerator_API\DataGenerator.Infrastructure\Services\HttpService.cs:line 26
   at DataGenerator.Infrastructure.Services.DataResponseInfraService.NotifyNewDataResponse(DataResponse dataResponse) in C:\Users\Play\Desktop\PROJETOS ----\MACHINESENSE\DataGenerator_API\DataGenerator.Infrastructure\Services\DataResponseInfraService.cs:line 24
   at DataGenerator.Domain.Services.DataResponseService.NotifyNewDataResponse(DataResponse dataResponse) in C:\Users\Play\Desktop\PROJETOS ----\MACHINESENSE\DataGenerator_API\DataGenerator.Domain\Services\DataResponseService.cs:line 26
   at DataGenerator.Application.Application.ApplicationDataResponse.NotifyNewDataResponse(DataResponse dataResponse) in C:\Users\Play\Desktop\PROJETOS ----\MACHINESENSE\DataGenerator_API\DataGenerator.Application\Application\ApplicationDataResponse.cs:line 22
   at DataGenerator.API.Controllers.ResultDataController.Add(ResultData resultData) in C:\Users\Play\Desktop\PROJETOS ----\MACHINESENSE\DataGenerator_API\DataGenerator.API\Controllers\ResultDataController.cs:line 66
2023-06-04 21:13:25.118 -03:00  INF  Executing HttpStatusCodeResult, setting HTTP status code 200
2023-06-04 21:13:25.118 -03:00  INF  Executed action DataGenerator.API.Controllers.ResultDataController.Add (DataGenerator.API) in 4443.7317ms
2023-06-04 21:13:25.118 -03:00  INF  Executed endpoint 'DataGenerator.API.Controllers.ResultDataController.Add (DataGenerator.API)'
2023-06-04 21:13:25.118 -03:00  INF  Request finished HTTP/1.1 POST https://localhost:44393/api/ResultData application/json;+charset=utf-8 203 - 200 - - 4445.7394ms
