2023-06-09 16:07:53.293 -03:00  INF  Application started. Press Ctrl+C to shut down.
2023-06-09 16:07:53.326 -03:00  INF  Request starting HTTP/2 GET https://localhost:44318/swagger/index.html - -
2023-06-09 16:07:53.328 -03:00  INF  Hosting environment: Development
2023-06-09 16:07:53.329 -03:00  INF  Content root path: C:\Users\Play\Desktop\PROJETOS ----\MACHINESENSE\MachineSense_Webhook\MachineSense_Webhook.API
2023-06-09 16:07:53.958 -03:00  INF  Request starting HTTP/2 GET https://localhost:44318/_framework/aspnetcore-browser-refresh.js - -
2023-06-09 16:07:53.959 -03:00  INF  Request finished HTTP/2 GET https://localhost:44318/swagger/index.html - - - 200 - text/html;charset=utf-8 636.6315ms
2023-06-09 16:07:53.979 -03:00  INF  Request starting HTTP/2 GET https://localhost:44318/_vs/browserLink - -
2023-06-09 16:07:54.002 -03:00  INF  Request finished HTTP/2 GET https://localhost:44318/_framework/aspnetcore-browser-refresh.js - - - 200 12018 application/javascript;+charset=utf-8 33.1146ms
2023-06-09 16:07:54.227 -03:00  INF  Request finished HTTP/2 GET https://localhost:44318/_vs/browserLink - - - 200 - text/javascript;+charset=UTF-8 248.4114ms
2023-06-09 16:07:54.362 -03:00  INF  Request starting HTTP/2 GET https://localhost:44318/swagger/v1/swagger.json - -
2023-06-09 16:07:54.485 -03:00  INF  Request finished HTTP/2 GET https://localhost:44318/swagger/v1/swagger.json - - - 200 - application/json;charset=utf-8 122.7653ms
2023-06-09 16:08:09.619 -03:00  INF  Request starting HTTP/2 POST https://localhost:44318/api/MachineSenseWebhook/DataGeneratorTopic application/json 248
2023-06-09 16:08:09.650 -03:00  INF  Executing endpoint 'MachineSense_Webhook.API.Controllers.MachineSenseWebhookController.ReceiveNewDataResponseDataGenerator (MachineSense_Webhook.API)'
2023-06-09 16:08:09.685 -03:00  INF  Route matched with {action = "ReceiveNewDataResponseDataGenerator", controller = "MachineSenseWebhook"}. Executing controller action with signature Microsoft.AspNetCore.Mvc.IActionResult ReceiveNewDataResponseDataGenerator(MachineSense_Webhook.API.Model.DataResponse) on controller MachineSense_Webhook.API.Controllers.MachineSenseWebhookController (MachineSense_Webhook.API).
2023-06-09 16:08:09.738 -03:00  INF  Result Received: MachineSense_Webhook.API.Model.DataResponse
2023-06-09 16:08:09.751 -03:00  INF  Executing OkObjectResult, writing value of type 'MachineSense_Webhook.API.Model.DataResponse'.
2023-06-09 16:08:09.775 -03:00  INF  Executed action MachineSense_Webhook.API.Controllers.MachineSenseWebhookController.ReceiveNewDataResponseDataGenerator (MachineSense_Webhook.API) in 81.0909ms
2023-06-09 16:08:09.777 -03:00  INF  Executed endpoint 'MachineSense_Webhook.API.Controllers.MachineSenseWebhookController.ReceiveNewDataResponseDataGenerator (MachineSense_Webhook.API)'
2023-06-09 16:08:09.785 -03:00  INF  Request finished HTTP/2 POST https://localhost:44318/api/MachineSenseWebhook/DataGeneratorTopic application/json 248 - 200 - application/json;+charset=utf-8 166.5036ms
2023-06-09 16:32:38.552 -03:00  INF  Application started. Press Ctrl+C to shut down.
2023-06-09 16:32:38.677 -03:00  INF  Hosting environment: Development
2023-06-09 16:32:38.678 -03:00  INF  Content root path: C:\Users\Play\Desktop\PROJETOS ----\MACHINESENSE\MachineSense_Webhook\MachineSense_Webhook.API
2023-06-09 16:32:38.679 -03:00  INF  Request starting HTTP/2 GET https://localhost:44318/swagger/index.html - -
2023-06-09 16:32:39.979 -03:00  INF  Request finished HTTP/2 GET https://localhost:44318/swagger/index.html - - - 200 - text/html;charset=utf-8 1304.0374ms
2023-06-09 16:32:40.081 -03:00  INF  Request starting HTTP/2 GET https://localhost:44318/_framework/aspnetcore-browser-refresh.js - -
2023-06-09 16:32:40.082 -03:00  INF  Request starting HTTP/2 GET https://localhost:44318/_vs/browserLink - -
2023-06-09 16:32:40.173 -03:00  INF  Request finished HTTP/2 GET https://localhost:44318/_framework/aspnetcore-browser-refresh.js - - - 200 12018 application/javascript;+charset=utf-8 89.1929ms
2023-06-09 16:32:40.307 -03:00  INF  Request finished HTTP/2 GET https://localhost:44318/_vs/browserLink - - - 200 - text/javascript;+charset=UTF-8 224.8957ms
2023-06-09 16:32:40.469 -03:00  INF  Request starting HTTP/2 GET https://localhost:44318/swagger/v1/swagger.json - -
2023-06-09 16:32:40.730 -03:00  INF  Request finished HTTP/2 GET https://localhost:44318/swagger/v1/swagger.json - - - 200 - application/json;charset=utf-8 261.3289ms
2023-06-09 16:33:29.703 -03:00  INF  Request starting HTTP/1.1 POST https://localhost:44318/api/MachineSenseWebhook/DataGeneratorTopic application/json;+charset=utf-8 271
2023-06-09 16:33:29.761 -03:00  INF  Executing endpoint 'MachineSense_Webhook.API.Controllers.MachineSenseWebhookController.ReceiveNewDataResponseDataGenerator (MachineSense_Webhook.API)'
2023-06-09 16:33:29.800 -03:00  INF  Route matched with {action = "ReceiveNewDataResponseDataGenerator", controller = "MachineSenseWebhook"}. Executing controller action with signature Microsoft.AspNetCore.Mvc.IActionResult ReceiveNewDataResponseDataGenerator(MachineSense_Webhook.API.Model.DataResponse) on controller MachineSense_Webhook.API.Controllers.MachineSenseWebhookController (MachineSense_Webhook.API).
2023-06-09 16:33:29.858 -03:00  INF  Result Received: MachineSense_Webhook.API.Model.DataResponse
2023-06-09 16:33:29.864 -03:00  INF  Executing OkObjectResult, writing value of type 'MachineSense_Webhook.API.Model.DataResponse'.
2023-06-09 16:33:29.885 -03:00  INF  Executed action MachineSense_Webhook.API.Controllers.MachineSenseWebhookController.ReceiveNewDataResponseDataGenerator (MachineSense_Webhook.API) in 76.5128ms
2023-06-09 16:33:29.886 -03:00  INF  Executed endpoint 'MachineSense_Webhook.API.Controllers.MachineSenseWebhookController.ReceiveNewDataResponseDataGenerator (MachineSense_Webhook.API)'
2023-06-09 16:33:29.886 -03:00  INF  Request finished HTTP/1.1 POST https://localhost:44318/api/MachineSenseWebhook/DataGeneratorTopic application/json;+charset=utf-8 271 - 200 - application/json;+charset=utf-8 183.4719ms
2023-06-09 16:33:39.968 -03:00  INF  Request starting HTTP/1.1 POST https://localhost:44318/api/MachineSenseWebhook/DataGeneratorTopic application/json;+charset=utf-8 273
2023-06-09 16:33:39.969 -03:00  INF  Executing endpoint 'MachineSense_Webhook.API.Controllers.MachineSenseWebhookController.ReceiveNewDataResponseDataGenerator (MachineSense_Webhook.API)'
2023-06-09 16:33:39.969 -03:00  INF  Route matched with {action = "ReceiveNewDataResponseDataGenerator", controller = "MachineSenseWebhook"}. Executing controller action with signature Microsoft.AspNetCore.Mvc.IActionResult ReceiveNewDataResponseDataGenerator(MachineSense_Webhook.API.Model.DataResponse) on controller MachineSense_Webhook.API.Controllers.MachineSenseWebhookController (MachineSense_Webhook.API).
2023-06-09 16:33:39.970 -03:00  INF  Result Received: MachineSense_Webhook.API.Model.DataResponse
2023-06-09 16:33:39.970 -03:00  INF  Executing OkObjectResult, writing value of type 'MachineSense_Webhook.API.Model.DataResponse'.
2023-06-09 16:33:39.971 -03:00  INF  Executed action MachineSense_Webhook.API.Controllers.MachineSenseWebhookController.ReceiveNewDataResponseDataGenerator (MachineSense_Webhook.API) in 1.5854ms
2023-06-09 16:33:39.971 -03:00  INF  Executed endpoint 'MachineSense_Webhook.API.Controllers.MachineSenseWebhookController.ReceiveNewDataResponseDataGenerator (MachineSense_Webhook.API)'
2023-06-09 16:33:39.971 -03:00  INF  Request finished HTTP/1.1 POST https://localhost:44318/api/MachineSenseWebhook/DataGeneratorTopic application/json;+charset=utf-8 273 - 200 - application/json;+charset=utf-8 3.0472ms
2023-06-09 16:33:50.028 -03:00  INF  Request starting HTTP/1.1 POST https://localhost:44318/api/MachineSenseWebhook/DataGeneratorTopic application/json;+charset=utf-8 273
2023-06-09 16:33:50.028 -03:00  INF  Executing endpoint 'MachineSense_Webhook.API.Controllers.MachineSenseWebhookController.ReceiveNewDataResponseDataGenerator (MachineSense_Webhook.API)'
2023-06-09 16:33:50.028 -03:00  INF  Route matched with {action = "ReceiveNewDataResponseDataGenerator", controller = "MachineSenseWebhook"}. Executing controller action with signature Microsoft.AspNetCore.Mvc.IActionResult ReceiveNewDataResponseDataGenerator(MachineSense_Webhook.API.Model.DataResponse) on controller MachineSense_Webhook.API.Controllers.MachineSenseWebhookController (MachineSense_Webhook.API).
2023-06-09 16:33:50.029 -03:00  INF  Result Received: MachineSense_Webhook.API.Model.DataResponse
2023-06-09 16:33:50.029 -03:00  INF  Executing OkObjectResult, writing value of type 'MachineSense_Webhook.API.Model.DataResponse'.
2023-06-09 16:33:50.032 -03:00  INF  Executed action MachineSense_Webhook.API.Controllers.MachineSenseWebhookController.ReceiveNewDataResponseDataGenerator (MachineSense_Webhook.API) in 2.8233ms
2023-06-09 16:33:50.032 -03:00  INF  Executed endpoint 'MachineSense_Webhook.API.Controllers.MachineSenseWebhookController.ReceiveNewDataResponseDataGenerator (MachineSense_Webhook.API)'
2023-06-09 16:33:50.036 -03:00  INF  Request finished HTTP/1.1 POST https://localhost:44318/api/MachineSenseWebhook/DataGeneratorTopic application/json;+charset=utf-8 273 - 200 - application/json;+charset=utf-8 7.8847ms
